

Started GET "/assets/rails.png" for 127.0.0.1 at 2012-01-10 23:57:44 +0100

Mysql2::Error (Can't connect to MySQL server on 'localhost' (10061)):
  

Rendered C:/Ruby193/lib/ruby/gems/1.9.1/gems/actionpack-3.1.3/lib/action_dispatch/middleware/templates/rescues/_trace.erb (1.0ms)
Rendered C:/Ruby193/lib/ruby/gems/1.9.1/gems/actionpack-3.1.3/lib/action_dispatch/middleware/templates/rescues/_request_and_response.erb (15.6ms)
Rendered C:/Ruby193/lib/ruby/gems/1.9.1/gems/actionpack-3.1.3/lib/action_dispatch/middleware/templates/rescues/diagnostics.erb within rescues/layout (56.6ms)


Started GET "/events/new" for 127.0.0.1 at 2012-01-10 23:58:12 +0100

Mysql2::Error (Can't connect to MySQL server on 'localhost' (10061)):
  

Rendered C:/Ruby193/lib/ruby/gems/1.9.1/gems/actionpack-3.1.3/lib/action_dispatch/middleware/templates/rescues/_trace.erb (1.0ms)
Rendered C:/Ruby193/lib/ruby/gems/1.9.1/gems/actionpack-3.1.3/lib/action_dispatch/middleware/templates/rescues/_request_and_response.erb (1.0ms)
Rendered C:/Ruby193/lib/ruby/gems/1.9.1/gems/actionpack-3.1.3/lib/action_dispatch/middleware/templates/rescues/diagnostics.erb within rescues/layout (6.8ms)


Started GET "/events" for 127.0.0.1 at 2012-01-10 23:59:44 +0100

Mysql2::Error (Can't connect to MySQL server on 'localhost' (10061)):
  

Rendered C:/Ruby193/lib/ruby/gems/1.9.1/gems/actionpack-3.1.3/lib/action_dispatch/middleware/templates/rescues/_trace.erb (1.0ms)
Rendered C:/Ruby193/lib/ruby/gems/1.9.1/gems/actionpack-3.1.3/lib/action_dispatch/middleware/templates/rescues/_request_and_response.erb (1.0ms)
Rendered C:/Ruby193/lib/ruby/gems/1.9.1/gems/actionpack-3.1.3/lib/action_dispatch/middleware/templates/rescues/diagnostics.erb within rescues/layout (7.8ms)


Started GET "/event" for 127.0.0.1 at 2012-01-11 00:00:05 +0100

Mysql2::Error (Can't connect to MySQL server on 'localhost' (10061)):
  

Rendered C:/Ruby193/lib/ruby/gems/1.9.1/gems/actionpack-3.1.3/lib/action_dispatch/middleware/templates/rescues/_trace.erb (1.0ms)
Rendered C:/Ruby193/lib/ruby/gems/1.9.1/gems/actionpack-3.1.3/lib/action_dispatch/middleware/templates/rescues/_request_and_response.erb (1.0ms)
Rendered C:/Ruby193/lib/ruby/gems/1.9.1/gems/actionpack-3.1.3/lib/action_dispatch/middleware/templates/rescues/diagnostics.erb within rescues/layout (7.8ms)


Started GET "/events" for 127.0.0.1 at 2012-01-11 00:00:11 +0100

Mysql2::Error (Can't connect to MySQL server on 'localhost' (10061)):
  

Rendered C:/Ruby193/lib/ruby/gems/1.9.1/gems/actionpack-3.1.3/lib/action_dispatch/middleware/templates/rescues/_trace.erb (1.0ms)
Rendered C:/Ruby193/lib/ruby/gems/1.9.1/gems/actionpack-3.1.3/lib/action_dispatch/middleware/templates/rescues/_request_and_response.erb (1.0ms)
Rendered C:/Ruby193/lib/ruby/gems/1.9.1/gems/actionpack-3.1.3/lib/action_dispatch/middleware/templates/rescues/diagnostics.erb within rescues/layout (6.8ms)


Started GET "/events" for 127.0.0.1 at 2012-01-11 00:11:15 +0100

Mysql2::Error (Access denied for user 'schiller'@'localhost' (using password: NO)):
  

Rendered C:/Ruby193/lib/ruby/gems/1.9.1/gems/actionpack-3.1.3/lib/action_dispatch/middleware/templates/rescues/_trace.erb (2.0ms)
Rendered C:/Ruby193/lib/ruby/gems/1.9.1/gems/actionpack-3.1.3/lib/action_dispatch/middleware/templates/rescues/_request_and_response.erb (14.6ms)
Rendered C:/Ruby193/lib/ruby/gems/1.9.1/gems/actionpack-3.1.3/lib/action_dispatch/middleware/templates/rescues/diagnostics.erb within rescues/layout (43.0ms)


Started GET "/events" for 127.0.0.1 at 2012-01-11 00:11:58 +0100

Mysql2::Error (Access denied for user 'root'@'localhost' (using password: NO)):
  

Rendered C:/Ruby193/lib/ruby/gems/1.9.1/gems/actionpack-3.1.3/lib/action_dispatch/middleware/templates/rescues/_trace.erb (1.0ms)
Rendered C:/Ruby193/lib/ruby/gems/1.9.1/gems/actionpack-3.1.3/lib/action_dispatch/middleware/templates/rescues/_request_and_response.erb (15.6ms)
Rendered C:/Ruby193/lib/ruby/gems/1.9.1/gems/actionpack-3.1.3/lib/action_dispatch/middleware/templates/rescues/diagnostics.erb within rescues/layout (46.9ms)


Started GET "/events" for 127.0.0.1 at 2012-01-11 00:14:28 +0100

ActiveRecord::ConnectionNotEstablished (ActiveRecord::ConnectionNotEstablished):
  

Rendered C:/Ruby193/lib/ruby/gems/1.9.1/gems/actionpack-3.1.3/lib/action_dispatch/middleware/templates/rescues/_trace.erb (1.0ms)
Rendered C:/Ruby193/lib/ruby/gems/1.9.1/gems/actionpack-3.1.3/lib/action_dispatch/middleware/templates/rescues/_request_and_response.erb (15.6ms)
Rendered C:/Ruby193/lib/ruby/gems/1.9.1/gems/actionpack-3.1.3/lib/action_dispatch/middleware/templates/rescues/diagnostics.erb within rescues/layout (47.9ms)


Started GET "/events/new" for 127.0.0.1 at 2012-01-11 00:14:48 +0100

ActiveRecord::ConnectionNotEstablished (ActiveRecord::ConnectionNotEstablished):
  

Rendered C:/Ruby193/lib/ruby/gems/1.9.1/gems/actionpack-3.1.3/lib/action_dispatch/middleware/templates/rescues/_trace.erb (1.0ms)
Rendered C:/Ruby193/lib/ruby/gems/1.9.1/gems/actionpack-3.1.3/lib/action_dispatch/middleware/templates/rescues/_request_and_response.erb (1.0ms)
Rendered C:/Ruby193/lib/ruby/gems/1.9.1/gems/actionpack-3.1.3/lib/action_dispatch/middleware/templates/rescues/diagnostics.erb within rescues/layout (6.8ms)


Started GET "/assets/rails.png" for 127.0.0.1 at 2012-01-11 00:15:34 +0100

ActiveRecord::ConnectionNotEstablished (ActiveRecord::ConnectionNotEstablished):
  

Rendered C:/Ruby193/lib/ruby/gems/1.9.1/gems/actionpack-3.1.3/lib/action_dispatch/middleware/templates/rescues/_trace.erb (1.0ms)
Rendered C:/Ruby193/lib/ruby/gems/1.9.1/gems/actionpack-3.1.3/lib/action_dispatch/middleware/templates/rescues/_request_and_response.erb (2.0ms)
Rendered C:/Ruby193/lib/ruby/gems/1.9.1/gems/actionpack-3.1.3/lib/action_dispatch/middleware/templates/rescues/diagnostics.erb within rescues/layout (27.3ms)


Started GET "/rails/info/properties" for 127.0.0.1 at 2012-01-11 00:15:36 +0100

ActiveRecord::ConnectionNotEstablished (ActiveRecord::ConnectionNotEstablished):
  

Rendered C:/Ruby193/lib/ruby/gems/1.9.1/gems/actionpack-3.1.3/lib/action_dispatch/middleware/templates/rescues/_trace.erb (1.0ms)
Rendered C:/Ruby193/lib/ruby/gems/1.9.1/gems/actionpack-3.1.3/lib/action_dispatch/middleware/templates/rescues/_request_and_response.erb (1.0ms)
Rendered C:/Ruby193/lib/ruby/gems/1.9.1/gems/actionpack-3.1.3/lib/action_dispatch/middleware/templates/rescues/diagnostics.erb within rescues/layout (5.9ms)


Started GET "/rails/info/properties" for 127.0.0.1 at 2012-01-11 00:20:30 +0100

ActiveRecord::ConnectionNotEstablished (ActiveRecord::ConnectionNotEstablished):
  

Rendered C:/Ruby193/lib/ruby/gems/1.9.1/gems/actionpack-3.1.3/lib/action_dispatch/middleware/templates/rescues/_trace.erb (1.0ms)
Rendered C:/Ruby193/lib/ruby/gems/1.9.1/gems/actionpack-3.1.3/lib/action_dispatch/middleware/templates/rescues/_request_and_response.erb (14.6ms)
Rendered C:/Ruby193/lib/ruby/gems/1.9.1/gems/actionpack-3.1.3/lib/action_dispatch/middleware/templates/rescues/diagnostics.erb within rescues/layout (43.0ms)


Started GET "/assets/rails.png" for 127.0.0.1 at 2012-01-11 00:20:35 +0100

ActiveRecord::ConnectionNotEstablished (ActiveRecord::ConnectionNotEstablished):
  

Rendered C:/Ruby193/lib/ruby/gems/1.9.1/gems/actionpack-3.1.3/lib/action_dispatch/middleware/templates/rescues/_trace.erb (1.0ms)
Rendered C:/Ruby193/lib/ruby/gems/1.9.1/gems/actionpack-3.1.3/lib/action_dispatch/middleware/templates/rescues/_request_and_response.erb (1.0ms)
Rendered C:/Ruby193/lib/ruby/gems/1.9.1/gems/actionpack-3.1.3/lib/action_dispatch/middleware/templates/rescues/diagnostics.erb within rescues/layout (5.9ms)


Started GET "/assets/rails.png" for 127.0.0.1 at 2012-01-11 00:23:47 +0100

Mysql2::Error (Access denied for user 'root'@'localhost' (using password: NO)):
  

Rendered C:/Ruby193/lib/ruby/gems/1.9.1/gems/actionpack-3.1.3/lib/action_dispatch/middleware/templates/rescues/_trace.erb (1.0ms)
Rendered C:/Ruby193/lib/ruby/gems/1.9.1/gems/actionpack-3.1.3/lib/action_dispatch/middleware/templates/rescues/_request_and_response.erb (15.6ms)
Rendered C:/Ruby193/lib/ruby/gems/1.9.1/gems/actionpack-3.1.3/lib/action_dispatch/middleware/templates/rescues/diagnostics.erb within rescues/layout (49.8ms)


Started GET "/rails/info/properties" for 127.0.0.1 at 2012-01-11 00:23:51 +0100

Mysql2::Error (Access denied for user 'root'@'localhost' (using password: NO)):
  

Rendered C:/Ruby193/lib/ruby/gems/1.9.1/gems/actionpack-3.1.3/lib/action_dispatch/middleware/templates/rescues/_trace.erb (2.0ms)
Rendered C:/Ruby193/lib/ruby/gems/1.9.1/gems/actionpack-3.1.3/lib/action_dispatch/middleware/templates/rescues/_request_and_response.erb (0.0ms)
Rendered C:/Ruby193/lib/ruby/gems/1.9.1/gems/actionpack-3.1.3/lib/action_dispatch/middleware/templates/rescues/diagnostics.erb within rescues/layout (5.9ms)


Started GET "/assets/rails.png" for 127.0.0.1 at 2012-01-11 00:29:00 +0100

Mysql2::Error (Access denied for user 'root'@'localhost' (using password: NO)):
  

Rendered C:/Ruby193/lib/ruby/gems/1.9.1/gems/actionpack-3.1.3/lib/action_dispatch/middleware/templates/rescues/_trace.erb (2.0ms)
Rendered C:/Ruby193/lib/ruby/gems/1.9.1/gems/actionpack-3.1.3/lib/action_dispatch/middleware/templates/rescues/_request_and_response.erb (1.0ms)
Rendered C:/Ruby193/lib/ruby/gems/1.9.1/gems/actionpack-3.1.3/lib/action_dispatch/middleware/templates/rescues/diagnostics.erb within rescues/layout (8.8ms)


Started GET "/rails/info/properties" for 127.0.0.1 at 2012-01-11 00:29:02 +0100

Mysql2::Error (Access denied for user 'root'@'localhost' (using password: NO)):
  

Rendered C:/Ruby193/lib/ruby/gems/1.9.1/gems/actionpack-3.1.3/lib/action_dispatch/middleware/templates/rescues/_trace.erb (1.0ms)
Rendered C:/Ruby193/lib/ruby/gems/1.9.1/gems/actionpack-3.1.3/lib/action_dispatch/middleware/templates/rescues/_request_and_response.erb (1.0ms)
Rendered C:/Ruby193/lib/ruby/gems/1.9.1/gems/actionpack-3.1.3/lib/action_dispatch/middleware/templates/rescues/diagnostics.erb within rescues/layout (7.8ms)


Started GET "/assets/rails.png" for 127.0.0.1 at 2012-01-11 00:29:27 +0100

Mysql2::Error (Access denied for user 'schiller'@'localhost' (using password: NO)):
  

Rendered C:/Ruby193/lib/ruby/gems/1.9.1/gems/actionpack-3.1.3/lib/action_dispatch/middleware/templates/rescues/_trace.erb (2.0ms)
Rendered C:/Ruby193/lib/ruby/gems/1.9.1/gems/actionpack-3.1.3/lib/action_dispatch/middleware/templates/rescues/_request_and_response.erb (15.6ms)
Rendered C:/Ruby193/lib/ruby/gems/1.9.1/gems/actionpack-3.1.3/lib/action_dispatch/middleware/templates/rescues/diagnostics.erb within rescues/layout (44.9ms)


Started GET "/rails/info/properties" for 127.0.0.1 at 2012-01-11 00:29:31 +0100

Mysql2::Error (Access denied for user 'schiller'@'localhost' (using password: NO)):
  

Rendered C:/Ruby193/lib/ruby/gems/1.9.1/gems/actionpack-3.1.3/lib/action_dispatch/middleware/templates/rescues/_trace.erb (1.0ms)
Rendered C:/Ruby193/lib/ruby/gems/1.9.1/gems/actionpack-3.1.3/lib/action_dispatch/middleware/templates/rescues/_request_and_response.erb (1.0ms)
Rendered C:/Ruby193/lib/ruby/gems/1.9.1/gems/actionpack-3.1.3/lib/action_dispatch/middleware/templates/rescues/diagnostics.erb within rescues/layout (6.8ms)


Started GET "/assets/rails.png" for 127.0.0.1 at 2012-01-11 00:29:47 +0100

Mysql2::Error (Access denied for user 'schiller'@'localhost' (using password: NO)):
  

Rendered C:/Ruby193/lib/ruby/gems/1.9.1/gems/actionpack-3.1.3/lib/action_dispatch/middleware/templates/rescues/_trace.erb (1.0ms)
Rendered C:/Ruby193/lib/ruby/gems/1.9.1/gems/actionpack-3.1.3/lib/action_dispatch/middleware/templates/rescues/_request_and_response.erb (1.0ms)
Rendered C:/Ruby193/lib/ruby/gems/1.9.1/gems/actionpack-3.1.3/lib/action_dispatch/middleware/templates/rescues/diagnostics.erb within rescues/layout (6.8ms)


Started GET "/rails/info/properties" for 127.0.0.1 at 2012-01-11 00:29:48 +0100

Mysql2::Error (Access denied for user 'schiller'@'localhost' (using password: NO)):
  

Rendered C:/Ruby193/lib/ruby/gems/1.9.1/gems/actionpack-3.1.3/lib/action_dispatch/middleware/templates/rescues/_trace.erb (1.0ms)
Rendered C:/Ruby193/lib/ruby/gems/1.9.1/gems/actionpack-3.1.3/lib/action_dispatch/middleware/templates/rescues/_request_and_response.erb (1.0ms)
Rendered C:/Ruby193/lib/ruby/gems/1.9.1/gems/actionpack-3.1.3/lib/action_dispatch/middleware/templates/rescues/diagnostics.erb within rescues/layout (6.8ms)


Started GET "/assets/rails.png" for 127.0.0.1 at 2012-01-11 00:30:02 +0100

Mysql2::Error (Access denied for user 'schiller'@'localhost' (using password: NO)):
  

Rendered C:/Ruby193/lib/ruby/gems/1.9.1/gems/actionpack-3.1.3/lib/action_dispatch/middleware/templates/rescues/_trace.erb (1.0ms)
Rendered C:/Ruby193/lib/ruby/gems/1.9.1/gems/actionpack-3.1.3/lib/action_dispatch/middleware/templates/rescues/_request_and_response.erb (32.2ms)
Rendered C:/Ruby193/lib/ruby/gems/1.9.1/gems/actionpack-3.1.3/lib/action_dispatch/middleware/templates/rescues/diagnostics.erb within rescues/layout (61.5ms)


Started GET "/rails/info/properties" for 127.0.0.1 at 2012-01-11 00:30:05 +0100

Mysql2::Error (Access denied for user 'schiller'@'localhost' (using password: NO)):
  

Rendered C:/Ruby193/lib/ruby/gems/1.9.1/gems/actionpack-3.1.3/lib/action_dispatch/middleware/templates/rescues/_trace.erb (1.0ms)
Rendered C:/Ruby193/lib/ruby/gems/1.9.1/gems/actionpack-3.1.3/lib/action_dispatch/middleware/templates/rescues/_request_and_response.erb (1.0ms)
Rendered C:/Ruby193/lib/ruby/gems/1.9.1/gems/actionpack-3.1.3/lib/action_dispatch/middleware/templates/rescues/diagnostics.erb within rescues/layout (6.8ms)


Started GET "/assets/rails.png" for 127.0.0.1 at 2012-01-11 20:55:32 +0100
Served asset /rails.png - 200 OK (89ms)


Started GET "/rails/info/properties" for 127.0.0.1 at 2012-01-11 20:55:36 +0100
  Processing by Rails::InfoController#properties as */*
Rendered inline template (20.5ms)
Completed 200 OK in 119ms (Views: 118.2ms | ActiveRecord: 0.0ms)
  [1m[36m (116.2ms)[0m  [1mCREATE TABLE `schema_migrations` (`version` varchar(255) NOT NULL) ENGINE=InnoDB[0m
  [1m[35m (203.1ms)[0m  CREATE UNIQUE INDEX `unique_schema_migrations` ON `schema_migrations` (`version`)
  [1m[36m (0.0ms)[0m  [1mSELECT `schema_migrations`.`version` FROM `schema_migrations` [0m
  [1m[36m (0.0ms)[0m  [1mSELECT `schema_migrations`.`version` FROM `schema_migrations` [0m
Migrating to CreateEvents (20120110225640)
  [1m[35m (48.8ms)[0m  CREATE TABLE `events` (`id` int(11) DEFAULT NULL auto_increment PRIMARY KEY, `title` varchar(255), `time` datetime, `created_at` datetime, `updated_at` datetime) ENGINE=InnoDB
  [1m[36m (15.6ms)[0m  [1mINSERT INTO `schema_migrations` (`version`) VALUES ('20120110225640')[0m
  [1m[35m (0.0ms)[0m  SELECT `schema_migrations`.`version` FROM `schema_migrations` 


Started GET "/events/new" for 127.0.0.1 at 2012-01-11 21:20:54 +0100
  Processing by EventsController#new as HTML
Rendered events/_form.html.erb (80.1ms)
Rendered events/new.html.erb within layouts/application (125.0ms)
Compiled application.css  (1ms)  (pid 1800)
Compiled events.css  (41ms)  (pid 1800)
Compiled scaffolds.css  (41ms)  (pid 1800)
Compiled application.js  (12ms)  (pid 1800)
Compiled jquery.js  (50ms)  (pid 1800)
Compiled jquery_ujs.js  (31ms)  (pid 1800)
Compiled events.js  (421ms)  (pid 1800)
Completed 200 OK in 1740ms (Views: 1739.3ms | ActiveRecord: 0.0ms)


Started GET "/assets/application.css?body=1" for 127.0.0.1 at 2012-01-11 21:20:56 +0100
Served asset /application.css - 200 OK (0ms)


Started GET "/assets/events.css?body=1" for 127.0.0.1 at 2012-01-11 21:20:56 +0100
Served asset /events.css - 200 OK (17ms)


Started GET "/assets/scaffolds.css?body=1" for 127.0.0.1 at 2012-01-11 21:20:56 +0100
Served asset /scaffolds.css - 200 OK (1ms)


Started GET "/assets/jquery.js?body=1" for 127.0.0.1 at 2012-01-11 21:20:56 +0100
Served asset /jquery.js - 200 OK (6ms)


Started GET "/assets/jquery_ujs.js?body=1" for 127.0.0.1 at 2012-01-11 21:20:56 +0100
Served asset /jquery_ujs.js - 200 OK (2ms)


Started GET "/assets/application.js?body=1" for 127.0.0.1 at 2012-01-11 21:20:56 +0100
Served asset /application.js - 200 OK (0ms)


Started GET "/assets/events.js?body=1" for 127.0.0.1 at 2012-01-11 21:20:56 +0100
Served asset /events.js - 200 OK (1ms)


Started GET "/events/new" for 127.0.0.1 at 2012-01-11 21:21:03 +0100
  Processing by EventsController#new as HTML
Rendered events/_form.html.erb (10.7ms)
Rendered events/new.html.erb within layouts/application (12.7ms)
Completed 200 OK in 23ms (Views: 22.5ms | ActiveRecord: 0.0ms)


Started GET "/assets/application.css?body=1" for 127.0.0.1 at 2012-01-11 21:21:03 +0100
Served asset /application.css - 304 Not Modified (0ms)


Started GET "/assets/events.js?body=1" for 127.0.0.1 at 2012-01-11 21:21:03 +0100
Served asset /events.js - 304 Not Modified (0ms)


Started GET "/assets/events.css?body=1" for 127.0.0.1 at 2012-01-11 21:21:03 +0100
Served asset /events.css - 304 Not Modified (0ms)


Started GET "/assets/jquery.js?body=1" for 127.0.0.1 at 2012-01-11 21:21:03 +0100
Served asset /jquery.js - 304 Not Modified (0ms)


Started GET "/assets/scaffolds.css?body=1" for 127.0.0.1 at 2012-01-11 21:21:03 +0100
Served asset /scaffolds.css - 304 Not Modified (0ms)


Started GET "/assets/jquery_ujs.js?body=1" for 127.0.0.1 at 2012-01-11 21:21:03 +0100
Served asset /jquery_ujs.js - 304 Not Modified (0ms)


Started GET "/assets/application.js?body=1" for 127.0.0.1 at 2012-01-11 21:21:04 +0100
Served asset /application.js - 304 Not Modified (0ms)


Started POST "/events" for 127.0.0.1 at 2012-01-11 21:21:48 +0100
  Processing by EventsController#create as HTML
  Parameters: {"utf8"=>"✓", "authenticity_token"=>"QrUtXWruNzoLjh5lxQFOdEXIrJOY1TQfv6BL6qwqz5U=", "event"=>{"title"=>"Ein neuer Event", "time(1i)"=>"2012", "time(2i)"=>"3", "time(3i)"=>"11", "time(4i)"=>"20", "time(5i)"=>"21"}, "commit"=>"Create Event"}
  [1m[36m (8.8ms)[0m  [1mBEGIN[0m
  [1m[35mSQL (0.0ms)[0m  INSERT INTO `events` (`created_at`, `time`, `title`, `updated_at`) VALUES ('2012-01-11 20:21:48', '2012-03-11 20:21:00', 'Ein neuer Event', '2012-01-11 20:21:48')
  [1m[36m (18.6ms)[0m  [1mCOMMIT[0m
Redirected to http://localhost:3000/events/1
Completed 302 Found in 69ms


Started GET "/events/1" for 127.0.0.1 at 2012-01-11 21:21:48 +0100
  Processing by EventsController#show as HTML
  Parameters: {"id"=>"1"}
  [1m[35mEvent Load (9.8ms)[0m  SELECT `events`.* FROM `events` WHERE `events`.`id` = 1 LIMIT 1
Rendered events/show.html.erb within layouts/application (4.9ms)
Completed 200 OK in 28ms (Views: 15.6ms | ActiveRecord: 10.7ms)


Started GET "/assets/application.css?body=1" for 127.0.0.1 at 2012-01-11 21:21:49 +0100
Served asset /application.css - 304 Not Modified (0ms)


Started GET "/assets/events.css?body=1" for 127.0.0.1 at 2012-01-11 21:21:49 +0100
Served asset /events.css - 304 Not Modified (0ms)


Started GET "/assets/scaffolds.css?body=1" for 127.0.0.1 at 2012-01-11 21:21:49 +0100
Served asset /scaffolds.css - 304 Not Modified (0ms)


Started GET "/assets/jquery.js?body=1" for 127.0.0.1 at 2012-01-11 21:21:49 +0100
Served asset /jquery.js - 304 Not Modified (0ms)


Started GET "/assets/jquery_ujs.js?body=1" for 127.0.0.1 at 2012-01-11 21:21:49 +0100
Served asset /jquery_ujs.js - 304 Not Modified (0ms)


Started GET "/assets/events.js?body=1" for 127.0.0.1 at 2012-01-11 21:21:49 +0100
Served asset /events.js - 304 Not Modified (0ms)


Started GET "/assets/application.js?body=1" for 127.0.0.1 at 2012-01-11 21:21:49 +0100
Served asset /application.js - 304 Not Modified (0ms)


Started GET "/events.xml" for 127.0.0.1 at 2012-01-11 21:23:07 +0100
  Processing by EventsController#index as XML
  [1m[36mEvent Load (0.0ms)[0m  [1mSELECT `events`.* FROM `events` [0m
Completed 406 Not Acceptable in 2ms


Started GET "/events" for 127.0.0.1 at 2012-01-11 21:23:30 +0100
  Processing by EventsController#index as HTML
  [1m[35mEvent Load (0.0ms)[0m  SELECT `events`.* FROM `events` 
Rendered events/index.html.erb within layouts/application (5.9ms)
Completed 200 OK in 18ms (Views: 15.6ms | ActiveRecord: 1.0ms)


Started GET "/assets/application.css?body=1" for 127.0.0.1 at 2012-01-11 21:23:30 +0100
Served asset /application.css - 304 Not Modified (0ms)


Started GET "/assets/scaffolds.css?body=1" for 127.0.0.1 at 2012-01-11 21:23:31 +0100
Served asset /scaffolds.css - 304 Not Modified (0ms)


Started GET "/assets/events.css?body=1" for 127.0.0.1 at 2012-01-11 21:23:31 +0100
Served asset /events.css - 304 Not Modified (0ms)


Started GET "/assets/jquery_ujs.js?body=1" for 127.0.0.1 at 2012-01-11 21:23:31 +0100
Served asset /jquery_ujs.js - 304 Not Modified (0ms)


Started GET "/assets/jquery.js?body=1" for 127.0.0.1 at 2012-01-11 21:23:31 +0100
Served asset /jquery.js - 304 Not Modified (0ms)


Started GET "/assets/events.js?body=1" for 127.0.0.1 at 2012-01-11 21:23:31 +0100
Served asset /events.js - 304 Not Modified (0ms)


Started GET "/assets/application.js?body=1" for 127.0.0.1 at 2012-01-11 21:23:31 +0100
Served asset /application.js - 304 Not Modified (0ms)


Started GET "/events.xml" for 127.0.0.1 at 2012-01-11 21:23:41 +0100
  Processing by EventsController#index as XML
  [1m[36mEvent Load (0.0ms)[0m  [1mSELECT `events`.* FROM `events` [0m
Completed 406 Not Acceptable in 3ms


Started GET "/events.xml" for 127.0.0.1 at 2012-01-11 21:23:42 +0100
  Processing by EventsController#index as XML
  [1m[35mEvent Load (0.0ms)[0m  SELECT `events`.* FROM `events` 
Completed 406 Not Acceptable in 3ms


Started GET "/events.json" for 127.0.0.1 at 2012-01-11 21:23:56 +0100
  Processing by EventsController#index as JSON
  [1m[36mEvent Load (0.0ms)[0m  [1mSELECT `events`.* FROM `events` [0m
Completed 200 OK in 9ms (Views: 6.8ms | ActiveRecord: 2.0ms)


Started GET "/events" for 127.0.0.1 at 2012-01-11 22:39:24 +0100
  Processing by EventsController#index as HTML
  [1m[36mEvent Load (0.0ms)[0m  [1mSELECT `events`.* FROM `events` [0m
Rendered events/index.html.erb within layouts/application (33.2ms)
Completed 200 OK in 160ms (Views: 157.2ms | ActiveRecord: 0.0ms)


Started GET "/assets/application.css?body=1" for 127.0.0.1 at 2012-01-11 22:39:28 +0100
Served asset /application.css - 304 Not Modified (0ms)


Started GET "/assets/events.css?body=1" for 127.0.0.1 at 2012-01-11 22:39:28 +0100
Served asset /events.css - 304 Not Modified (2ms)


Started GET "/assets/scaffolds.css?body=1" for 127.0.0.1 at 2012-01-11 22:39:28 +0100
Served asset /scaffolds.css - 304 Not Modified (0ms)


Started GET "/assets/jquery.js?body=1" for 127.0.0.1 at 2012-01-11 22:39:28 +0100
Served asset /jquery.js - 304 Not Modified (2ms)


Started GET "/assets/jquery_ujs.js?body=1" for 127.0.0.1 at 2012-01-11 22:39:28 +0100
Served asset /jquery_ujs.js - 304 Not Modified (2ms)


Started GET "/assets/events.js?body=1" for 127.0.0.1 at 2012-01-11 22:39:28 +0100
Served asset /events.js - 304 Not Modified (1ms)


Started GET "/assets/application.js?body=1" for 127.0.0.1 at 2012-01-11 22:39:29 +0100
Served asset /application.js - 304 Not Modified (0ms)


Started GET "/events/1/edit" for 127.0.0.1 at 2012-01-11 22:39:31 +0100
  Processing by EventsController#edit as HTML
  Parameters: {"id"=>"1"}
  [1m[35mEvent Load (0.0ms)[0m  SELECT `events`.* FROM `events` WHERE `events`.`id` = 1 LIMIT 1
Rendered events/_form.html.erb (26.4ms)
Rendered events/edit.html.erb within layouts/application (48.8ms)
Completed 200 OK in 64ms (Views: 59.6ms | ActiveRecord: 1.0ms)


Started GET "/assets/application.css?body=1" for 127.0.0.1 at 2012-01-11 22:39:31 +0100
Served asset /application.css - 304 Not Modified (0ms)


Started GET "/assets/events.css?body=1" for 127.0.0.1 at 2012-01-11 22:39:31 +0100
Served asset /events.css - 304 Not Modified (0ms)


Started GET "/assets/jquery.js?body=1" for 127.0.0.1 at 2012-01-11 22:39:31 +0100
Served asset /jquery.js - 304 Not Modified (0ms)


Started GET "/assets/scaffolds.css?body=1" for 127.0.0.1 at 2012-01-11 22:39:31 +0100
Served asset /scaffolds.css - 304 Not Modified (0ms)


Started GET "/assets/jquery_ujs.js?body=1" for 127.0.0.1 at 2012-01-11 22:39:31 +0100
Served asset /jquery_ujs.js - 304 Not Modified (0ms)


Started GET "/assets/events.js?body=1" for 127.0.0.1 at 2012-01-11 22:39:31 +0100
Served asset /events.js - 304 Not Modified (0ms)


Started GET "/assets/application.js?body=1" for 127.0.0.1 at 2012-01-11 22:39:31 +0100
Served asset /application.js - 304 Not Modified (0ms)


Started PUT "/events/1" for 127.0.0.1 at 2012-01-11 22:39:41 +0100
  Processing by EventsController#update as HTML
  Parameters: {"utf8"=>"✓", "authenticity_token"=>"QrUtXWruNzoLjh5lxQFOdEXIrJOY1TQfv6BL6qwqz5U=", "event"=>{"title"=>"wow ", "time(1i)"=>"2012", "time(2i)"=>"2", "time(3i)"=>"11", "time(4i)"=>"20", "time(5i)"=>"21"}, "commit"=>"Update Event", "id"=>"1"}
  [1m[36mEvent Load (0.0ms)[0m  [1mSELECT `events`.* FROM `events` WHERE `events`.`id` = 1 LIMIT 1[0m
  [1m[35m (0.0ms)[0m  BEGIN
  [1m[36m (18.6ms)[0m  [1mUPDATE `events` SET `title` = 'wow ', `time` = '2012-02-11 20:21:00', `updated_at` = '2012-01-11 21:39:41' WHERE `events`.`id` = 1[0m
  [1m[35m (65.4ms)[0m  COMMIT
Redirected to http://localhost:3000/events/1
Completed 302 Found in 116ms


Started GET "/events/1" for 127.0.0.1 at 2012-01-11 22:39:41 +0100
  Processing by EventsController#show as HTML
  Parameters: {"id"=>"1"}
  [1m[36mEvent Load (0.0ms)[0m  [1mSELECT `events`.* FROM `events` WHERE `events`.`id` = 1 LIMIT 1[0m
Rendered events/show.html.erb within layouts/application (4.9ms)
Completed 200 OK in 20ms (Views: 16.6ms | ActiveRecord: 1.0ms)


Started GET "/assets/application.css?body=1" for 127.0.0.1 at 2012-01-11 22:39:41 +0100
Served asset /application.css - 304 Not Modified (0ms)


Started GET "/assets/events.css?body=1" for 127.0.0.1 at 2012-01-11 22:39:41 +0100
Served asset /events.css - 304 Not Modified (0ms)


Started GET "/assets/scaffolds.css?body=1" for 127.0.0.1 at 2012-01-11 22:39:42 +0100
Served asset /scaffolds.css - 304 Not Modified (0ms)


Started GET "/assets/jquery.js?body=1" for 127.0.0.1 at 2012-01-11 22:39:42 +0100
Served asset /jquery.js - 304 Not Modified (0ms)


Started GET "/assets/jquery_ujs.js?body=1" for 127.0.0.1 at 2012-01-11 22:39:42 +0100
Served asset /jquery_ujs.js - 304 Not Modified (0ms)


Started GET "/assets/events.js?body=1" for 127.0.0.1 at 2012-01-11 22:39:42 +0100
Served asset /events.js - 304 Not Modified (0ms)


Started GET "/assets/application.js?body=1" for 127.0.0.1 at 2012-01-11 22:39:42 +0100
Served asset /application.js - 304 Not Modified (0ms)


Started GET "/events" for 127.0.0.1 at 2012-01-11 22:39:44 +0100
  Processing by EventsController#index as HTML
  [1m[35mEvent Load (0.0ms)[0m  SELECT `events`.* FROM `events` 
Rendered events/index.html.erb within layouts/application (4.9ms)
Completed 200 OK in 17ms (Views: 14.6ms | ActiveRecord: 2.0ms)


Started GET "/assets/application.css?body=1" for 127.0.0.1 at 2012-01-11 22:39:44 +0100
Served asset /application.css - 304 Not Modified (0ms)


Started GET "/assets/events.css?body=1" for 127.0.0.1 at 2012-01-11 22:39:45 +0100
Served asset /events.css - 304 Not Modified (0ms)


Started GET "/assets/scaffolds.css?body=1" for 127.0.0.1 at 2012-01-11 22:39:45 +0100
Served asset /scaffolds.css - 304 Not Modified (0ms)


Started GET "/assets/jquery.js?body=1" for 127.0.0.1 at 2012-01-11 22:39:45 +0100
Served asset /jquery.js - 304 Not Modified (0ms)


Started GET "/assets/jquery_ujs.js?body=1" for 127.0.0.1 at 2012-01-11 22:39:45 +0100
Served asset /jquery_ujs.js - 304 Not Modified (0ms)


Started GET "/assets/events.js?body=1" for 127.0.0.1 at 2012-01-11 22:39:45 +0100
Served asset /events.js - 304 Not Modified (0ms)


Started GET "/assets/application.js?body=1" for 127.0.0.1 at 2012-01-11 22:39:45 +0100
Served asset /application.js - 304 Not Modified (0ms)


Started GET "/events/1" for 127.0.0.1 at 2012-01-11 22:39:48 +0100
  Processing by EventsController#show as HTML
  Parameters: {"id"=>"1"}
  [1m[36mEvent Load (1.0ms)[0m  [1mSELECT `events`.* FROM `events` WHERE `events`.`id` = 1 LIMIT 1[0m
Rendered events/show.html.erb within layouts/application (3.9ms)
Completed 200 OK in 19ms (Views: 15.6ms | ActiveRecord: 2.0ms)


Started GET "/assets/application.css?body=1" for 127.0.0.1 at 2012-01-11 22:39:48 +0100
Served asset /application.css - 304 Not Modified (0ms)


Started GET "/assets/events.css?body=1" for 127.0.0.1 at 2012-01-11 22:39:49 +0100
Served asset /events.css - 304 Not Modified (0ms)


Started GET "/assets/jquery.js?body=1" for 127.0.0.1 at 2012-01-11 22:39:49 +0100
Served asset /jquery.js - 304 Not Modified (0ms)


Started GET "/assets/events.js?body=1" for 127.0.0.1 at 2012-01-11 22:39:49 +0100
Served asset /events.js - 304 Not Modified (0ms)


Started GET "/assets/scaffolds.css?body=1" for 127.0.0.1 at 2012-01-11 22:39:49 +0100
Served asset /scaffolds.css - 304 Not Modified (0ms)


Started GET "/assets/jquery_ujs.js?body=1" for 127.0.0.1 at 2012-01-11 22:39:49 +0100
Served asset /jquery_ujs.js - 304 Not Modified (0ms)


Started GET "/assets/application.js?body=1" for 127.0.0.1 at 2012-01-11 22:39:49 +0100
Served asset /application.js - 304 Not Modified (0ms)


Started GET "/events" for 127.0.0.1 at 2012-01-11 22:39:53 +0100
  Processing by EventsController#index as HTML
  [1m[35mEvent Load (0.0ms)[0m  SELECT `events`.* FROM `events` 
Rendered events/index.html.erb within layouts/application (5.9ms)
Completed 200 OK in 20ms (Views: 16.6ms | ActiveRecord: 2.0ms)


Started GET "/assets/application.css?body=1" for 127.0.0.1 at 2012-01-11 22:39:53 +0100
Served asset /application.css - 304 Not Modified (0ms)


Started GET "/assets/events.css?body=1" for 127.0.0.1 at 2012-01-11 22:39:53 +0100
Served asset /events.css - 304 Not Modified (0ms)


Started GET "/assets/scaffolds.css?body=1" for 127.0.0.1 at 2012-01-11 22:39:53 +0100
Served asset /scaffolds.css - 304 Not Modified (0ms)


Started GET "/assets/jquery_ujs.js?body=1" for 127.0.0.1 at 2012-01-11 22:39:53 +0100
Served asset /jquery_ujs.js - 304 Not Modified (0ms)


Started GET "/assets/jquery.js?body=1" for 127.0.0.1 at 2012-01-11 22:39:53 +0100
Served asset /jquery.js - 304 Not Modified (0ms)


Started GET "/assets/events.js?body=1" for 127.0.0.1 at 2012-01-11 22:39:53 +0100
Served asset /events.js - 304 Not Modified (0ms)


Started GET "/assets/application.js?body=1" for 127.0.0.1 at 2012-01-11 22:39:53 +0100
Served asset /application.js - 304 Not Modified (0ms)


Started GET "/assets/rails.png" for 127.0.0.1 at 2012-01-15 22:48:10 +0100
Served asset /rails.png - 304 Not Modified (44ms)


Started GET "/events" for 127.0.0.1 at 2012-01-15 22:48:15 +0100
  Processing by EventsController#index as HTML
  [1m[36mEvent Load (10.7ms)[0m  [1mSELECT `events`.* FROM `events` [0m
Rendered events/index.html.erb within layouts/application (91.8ms)
Completed 200 OK in 544ms (Views: 531.2ms | ActiveRecord: 11.7ms)


Started GET "/assets/application.css?body=1" for 127.0.0.1 at 2012-01-15 22:48:16 +0100
Served asset /application.css - 304 Not Modified (0ms)


Started GET "/assets/jquery.js?body=1" for 127.0.0.1 at 2012-01-15 22:48:16 +0100
Served asset /jquery.js - 304 Not Modified (2ms)


Started GET "/assets/scaffolds.css?body=1" for 127.0.0.1 at 2012-01-15 22:48:16 +0100
Served asset /scaffolds.css - 304 Not Modified (1ms)


Started GET "/assets/jquery_ujs.js?body=1" for 127.0.0.1 at 2012-01-15 22:48:16 +0100
Served asset /jquery_ujs.js - 304 Not Modified (3ms)


Started GET "/assets/events.css?body=1" for 127.0.0.1 at 2012-01-15 22:48:16 +0100
Served asset /events.css - 304 Not Modified (2ms)


Started GET "/assets/events.js?body=1" for 127.0.0.1 at 2012-01-15 22:48:17 +0100
Served asset /events.js - 304 Not Modified (1ms)


Started GET "/assets/application.js?body=1" for 127.0.0.1 at 2012-01-15 22:48:17 +0100
Served asset /application.js - 304 Not Modified (0ms)


Started GET "/events/new" for 127.0.0.1 at 2012-01-15 22:48:21 +0100
  Processing by EventsController#new as HTML
Rendered events/_form.html.erb (10.7ms)
Rendered events/new.html.erb within layouts/application (54.7ms)
Completed 200 OK in 66ms (Views: 64.5ms | ActiveRecord: 1.0ms)


Started GET "/assets/application.css?body=1" for 127.0.0.1 at 2012-01-15 22:48:21 +0100
Served asset /application.css - 304 Not Modified (0ms)


Started GET "/assets/events.css?body=1" for 127.0.0.1 at 2012-01-15 22:48:21 +0100
Served asset /events.css - 304 Not Modified (0ms)


Started GET "/assets/jquery.js?body=1" for 127.0.0.1 at 2012-01-15 22:48:21 +0100
Served asset /jquery.js - 304 Not Modified (0ms)


Started GET "/assets/scaffolds.css?body=1" for 127.0.0.1 at 2012-01-15 22:48:21 +0100
Served asset /scaffolds.css - 304 Not Modified (0ms)


Started GET "/assets/events.js?body=1" for 127.0.0.1 at 2012-01-15 22:48:21 +0100
Served asset /events.js - 304 Not Modified (0ms)


Started GET "/assets/jquery_ujs.js?body=1" for 127.0.0.1 at 2012-01-15 22:48:21 +0100
Served asset /jquery_ujs.js - 304 Not Modified (0ms)


Started GET "/assets/application.js?body=1" for 127.0.0.1 at 2012-01-15 22:48:21 +0100
Served asset /application.js - 304 Not Modified (0ms)
  [1m[36m (0.0ms)[0m  [1mSELECT `schema_migrations`.`version` FROM `schema_migrations` [0m
  [1m[36m (1.0ms)[0m  [1mSELECT `schema_migrations`.`version` FROM `schema_migrations` [0m
Migrating to CreateEvents (20120110225640)
Migrating to CreateHomepages (20120115220156)
  [1m[35m (130.9ms)[0m  CREATE TABLE `homepages` (`id` int(11) DEFAULT NULL auto_increment PRIMARY KEY, `url` varchar(255), `name` varchar(255), `beschreibung` varchar(255), `created_at` datetime, `updated_at` datetime) ENGINE=InnoDB
  [1m[36m (70.3ms)[0m  [1mINSERT INTO `schema_migrations` (`version`) VALUES ('20120115220156')[0m
Migrating to CreateUsagerecords (20120115220429)
  [1m[36m (0.0ms)[0m  [1mSELECT `schema_migrations`.`version` FROM `schema_migrations` [0m
Migrating to CreateEvents (20120110225640)
Migrating to CreateHomepages (20120115220156)
Migrating to CreateUsagerecords (20120115220709)
  [1m[35m (46.9ms)[0m  CREATE TABLE `usagerecords` (`id` int(11) DEFAULT NULL auto_increment PRIMARY KEY, `browser` varchar(255), `language` varchar(255), `timestamp` datetime, `fk_idHomepage` int(11), `created_at` datetime, `updated_at` datetime) ENGINE=InnoDB
  [1m[36m (15.6ms)[0m  [1mINSERT INTO `schema_migrations` (`version`) VALUES ('20120115220709')[0m
  [1m[35m (15.6ms)[0m  SELECT `schema_migrations`.`version` FROM `schema_migrations` 


Started GET "/homepage" for 127.0.0.1 at 2012-01-15 23:08:02 +0100

ActionController::RoutingError (No route matches [GET] "/homepage"):
  

Rendered C:/Ruby193/lib/ruby/gems/1.9.1/gems/actionpack-3.1.3/lib/action_dispatch/middleware/templates/rescues/routing_error.erb within rescues/layout (21.5ms)


Started GET "/homepages" for 127.0.0.1 at 2012-01-15 23:08:12 +0100
  Processing by HomepagesController#index as HTML
  [1m[36mHomepage Load (1.0ms)[0m  [1mSELECT `homepages`.* FROM `homepages` [0m
Rendered homepages/index.html.erb within layouts/application (2.0ms)
Compiled application.css  (2ms)  (pid 4396)
Compiled homepages.css  (32ms)  (pid 4396)
Compiled usagerecords.css  (20ms)  (pid 4396)
Compiled application.js  (5ms)  (pid 4396)
Compiled homepages.js  (335ms)  (pid 4396)
Compiled usagerecords.js  (220ms)  (pid 4396)
Completed 200 OK in 1154ms (Views: 1151.4ms | ActiveRecord: 1.0ms)


Started GET "/assets/homepages.css?body=1" for 127.0.0.1 at 2012-01-15 23:08:14 +0100
Served asset /homepages.css - 200 OK (3ms)


Started GET "/assets/scaffolds.css?body=1" for 127.0.0.1 at 2012-01-15 23:08:14 +0100
Served asset /scaffolds.css - 304 Not Modified (1ms)


Started GET "/assets/usagerecords.css?body=1" for 127.0.0.1 at 2012-01-15 23:08:14 +0100
Served asset /usagerecords.css - 200 OK (2ms)


Started GET "/assets/jquery.js?body=1" for 127.0.0.1 at 2012-01-15 23:08:14 +0100
Served asset /jquery.js - 304 Not Modified (3ms)


Started GET "/assets/events.css?body=1" for 127.0.0.1 at 2012-01-15 23:08:14 +0100
Served asset /events.css - 304 Not Modified (2ms)


Started GET "/assets/application.css?body=1" for 127.0.0.1 at 2012-01-15 23:08:14 +0100
Served asset /application.css - 304 Not Modified (0ms)


Started GET "/assets/jquery_ujs.js?body=1" for 127.0.0.1 at 2012-01-15 23:08:14 +0100
Served asset /jquery_ujs.js - 304 Not Modified (2ms)


Started GET "/assets/events.js?body=1" for 127.0.0.1 at 2012-01-15 23:08:14 +0100
Served asset /events.js - 304 Not Modified (23ms)


Started GET "/assets/homepages.js?body=1" for 127.0.0.1 at 2012-01-15 23:08:14 +0100
Served asset /homepages.js - 200 OK (1ms)


Started GET "/assets/usagerecords.js?body=1" for 127.0.0.1 at 2012-01-15 23:08:14 +0100
Served asset /usagerecords.js - 200 OK (1ms)


Started GET "/assets/application.js?body=1" for 127.0.0.1 at 2012-01-15 23:08:14 +0100
Served asset /application.js - 200 OK (0ms)


Started GET "/homepages/new" for 127.0.0.1 at 2012-01-15 23:08:16 +0100
  Processing by HomepagesController#new as HTML
Rendered homepages/_form.html.erb (8.8ms)
Rendered homepages/new.html.erb within layouts/application (30.3ms)
Completed 200 OK in 41ms (Views: 40.0ms | ActiveRecord: 1.0ms)


Started GET "/assets/application.css?body=1" for 127.0.0.1 at 2012-01-15 23:08:16 +0100
Served asset /application.css - 304 Not Modified (0ms)


Started GET "/assets/events.css?body=1" for 127.0.0.1 at 2012-01-15 23:08:16 +0100
Served asset /events.css - 304 Not Modified (0ms)


Started GET "/assets/scaffolds.css?body=1" for 127.0.0.1 at 2012-01-15 23:08:16 +0100
Served asset /scaffolds.css - 304 Not Modified (0ms)


Started GET "/assets/jquery.js?body=1" for 127.0.0.1 at 2012-01-15 23:08:17 +0100
Served asset /jquery.js - 304 Not Modified (0ms)


Started GET "/assets/jquery_ujs.js?body=1" for 127.0.0.1 at 2012-01-15 23:08:17 +0100
Served asset /jquery_ujs.js - 304 Not Modified (0ms)


Started GET "/assets/events.js?body=1" for 127.0.0.1 at 2012-01-15 23:08:17 +0100
Served asset /events.js - 304 Not Modified (0ms)


Started POST "/homepages" for 127.0.0.1 at 2012-01-15 23:09:09 +0100
  Processing by HomepagesController#create as HTML
  Parameters: {"utf8"=>"✓", "authenticity_token"=>"PDUW6ypRdndQ2aYukg4m8TMmmJUvgJjxnzqMRrWjirg=", "homepage"=>{"url"=>"mfwiki", "name"=>"Wiki MF", "beschreibung"=>"das Wiki der MF"}, "commit"=>"Create Homepage"}
  [1m[35m (1.0ms)[0m  BEGIN
  [1m[36mSQL (5.9ms)[0m  [1mINSERT INTO `homepages` (`beschreibung`, `created_at`, `name`, `updated_at`, `url`) VALUES ('das Wiki der MF', '2012-01-15 22:09:09', 'Wiki MF', '2012-01-15 22:09:09', 'mfwiki')[0m
  [1m[35m (19.5ms)[0m  COMMIT
Redirected to http://localhost:3000/homepages/1
Completed 302 Found in 77ms


Started GET "/homepages/1" for 127.0.0.1 at 2012-01-15 23:09:09 +0100
  Processing by HomepagesController#show as HTML
  Parameters: {"id"=>"1"}
  [1m[36mHomepage Load (4.9ms)[0m  [1mSELECT `homepages`.* FROM `homepages` WHERE `homepages`.`id` = 1 LIMIT 1[0m
Rendered homepages/show.html.erb within layouts/application (21.5ms)
Completed 200 OK in 42ms (Views: 32.2ms | ActiveRecord: 6.8ms)


Started GET "/assets/application.css?body=1" for 127.0.0.1 at 2012-01-15 23:09:09 +0100
Served asset /application.css - 304 Not Modified (0ms)


Started GET "/assets/events.css?body=1" for 127.0.0.1 at 2012-01-15 23:09:09 +0100
Served asset /events.css - 304 Not Modified (0ms)


Started GET "/assets/homepages.css?body=1" for 127.0.0.1 at 2012-01-15 23:09:09 +0100
Served asset /homepages.css - 304 Not Modified (0ms)


Started GET "/assets/scaffolds.css?body=1" for 127.0.0.1 at 2012-01-15 23:09:09 +0100
Served asset /scaffolds.css - 304 Not Modified (0ms)


Started GET "/assets/usagerecords.css?body=1" for 127.0.0.1 at 2012-01-15 23:09:09 +0100
Served asset /usagerecords.css - 304 Not Modified (0ms)


Started GET "/assets/jquery.js?body=1" for 127.0.0.1 at 2012-01-15 23:09:09 +0100
Served asset /jquery.js - 304 Not Modified (0ms)


Started GET "/assets/jquery_ujs.js?body=1" for 127.0.0.1 at 2012-01-15 23:09:09 +0100
Served asset /jquery_ujs.js - 304 Not Modified (0ms)


Started GET "/assets/events.js?body=1" for 127.0.0.1 at 2012-01-15 23:09:09 +0100
Served asset /events.js - 304 Not Modified (0ms)


Started GET "/assets/homepages.js?body=1" for 127.0.0.1 at 2012-01-15 23:09:10 +0100
Served asset /homepages.js - 304 Not Modified (0ms)


Started GET "/assets/usagerecords.js?body=1" for 127.0.0.1 at 2012-01-15 23:09:10 +0100
Served asset /usagerecords.js - 304 Not Modified (0ms)


Started GET "/assets/application.js?body=1" for 127.0.0.1 at 2012-01-15 23:09:10 +0100
Served asset /application.js - 304 Not Modified (0ms)


Started GET "/homepages" for 127.0.0.1 at 2012-01-15 23:09:13 +0100
  Processing by HomepagesController#index as HTML
  [1m[35mHomepage Load (1.0ms)[0m  SELECT `homepages`.* FROM `homepages` 
Rendered homepages/index.html.erb within layouts/application (6.8ms)
Completed 200 OK in 36ms (Views: 18.6ms | ActiveRecord: 1.0ms)


Started GET "/assets/application.css?body=1" for 127.0.0.1 at 2012-01-15 23:09:13 +0100
Served asset /application.css - 304 Not Modified (0ms)


Started GET "/assets/events.css?body=1" for 127.0.0.1 at 2012-01-15 23:09:13 +0100
Served asset /events.css - 304 Not Modified (0ms)


Started GET "/assets/homepages.css?body=1" for 127.0.0.1 at 2012-01-15 23:09:13 +0100
Served asset /homepages.css - 304 Not Modified (0ms)


Started GET "/assets/scaffolds.css?body=1" for 127.0.0.1 at 2012-01-15 23:09:13 +0100
Served asset /scaffolds.css - 304 Not Modified (0ms)


Started GET "/assets/usagerecords.css?body=1" for 127.0.0.1 at 2012-01-15 23:09:13 +0100
Served asset /usagerecords.css - 304 Not Modified (0ms)


Started GET "/assets/jquery.js?body=1" for 127.0.0.1 at 2012-01-15 23:09:13 +0100
Served asset /jquery.js - 304 Not Modified (0ms)


Started GET "/assets/jquery_ujs.js?body=1" for 127.0.0.1 at 2012-01-15 23:09:13 +0100
Served asset /jquery_ujs.js - 304 Not Modified (0ms)


Started GET "/assets/events.js?body=1" for 127.0.0.1 at 2012-01-15 23:09:13 +0100
Served asset /events.js - 304 Not Modified (0ms)


Started GET "/assets/usagerecords.js?body=1" for 127.0.0.1 at 2012-01-15 23:09:13 +0100
Served asset /usagerecords.js - 304 Not Modified (0ms)


Started GET "/assets/homepages.js?body=1" for 127.0.0.1 at 2012-01-15 23:09:13 +0100
Served asset /homepages.js - 304 Not Modified (0ms)


Started GET "/assets/application.js?body=1" for 127.0.0.1 at 2012-01-15 23:09:13 +0100
Served asset /application.js - 304 Not Modified (0ms)


Started GET "/homepages/new" for 127.0.0.1 at 2012-01-15 23:09:14 +0100
  Processing by HomepagesController#new as HTML
Rendered homepages/_form.html.erb (6.8ms)
Rendered homepages/new.html.erb within layouts/application (8.8ms)
Completed 200 OK in 20ms (Views: 18.6ms | ActiveRecord: 1.0ms)


Started GET "/assets/application.css?body=1" for 127.0.0.1 at 2012-01-15 23:09:15 +0100
Served asset /application.css - 304 Not Modified (0ms)


Started GET "/assets/events.css?body=1" for 127.0.0.1 at 2012-01-15 23:09:15 +0100
Served asset /events.css - 304 Not Modified (0ms)


Started GET "/assets/homepages.css?body=1" for 127.0.0.1 at 2012-01-15 23:09:15 +0100
Served asset /homepages.css - 304 Not Modified (0ms)


Started GET "/assets/scaffolds.css?body=1" for 127.0.0.1 at 2012-01-15 23:09:15 +0100
Served asset /scaffolds.css - 304 Not Modified (0ms)


Started GET "/assets/jquery.js?body=1" for 127.0.0.1 at 2012-01-15 23:09:15 +0100
Served asset /jquery.js - 304 Not Modified (0ms)


Started GET "/assets/usagerecords.css?body=1" for 127.0.0.1 at 2012-01-15 23:09:15 +0100
Served asset /usagerecords.css - 304 Not Modified (0ms)


Started GET "/assets/jquery_ujs.js?body=1" for 127.0.0.1 at 2012-01-15 23:09:15 +0100
Served asset /jquery_ujs.js - 304 Not Modified (0ms)


Started GET "/assets/events.js?body=1" for 127.0.0.1 at 2012-01-15 23:09:15 +0100
Served asset /events.js - 304 Not Modified (0ms)


Started GET "/assets/homepages.js?body=1" for 127.0.0.1 at 2012-01-15 23:09:15 +0100
Served asset /homepages.js - 304 Not Modified (0ms)


Started GET "/assets/usagerecords.js?body=1" for 127.0.0.1 at 2012-01-15 23:09:15 +0100
Served asset /usagerecords.js - 304 Not Modified (0ms)


Started GET "/assets/application.js?body=1" for 127.0.0.1 at 2012-01-15 23:09:15 +0100
Served asset /application.js - 304 Not Modified (0ms)


Started POST "/homepages" for 127.0.0.1 at 2012-01-15 23:09:42 +0100
  Processing by HomepagesController#create as HTML
  Parameters: {"utf8"=>"✓", "authenticity_token"=>"PDUW6ypRdndQ2aYukg4m8TMmmJUvgJjxnzqMRrWjirg=", "homepage"=>{"url"=>"www.abcdeasdf.de", "name"=>"Test 123", "beschreibung"=>"Seite für ... "}, "commit"=>"Create Homepage"}
  [1m[36m (0.0ms)[0m  [1mBEGIN[0m
  [1m[35mSQL (1.0ms)[0m  INSERT INTO `homepages` (`beschreibung`, `created_at`, `name`, `updated_at`, `url`) VALUES ('Seite für ... ', '2012-01-15 22:09:42', 'Test 123', '2012-01-15 22:09:42', 'www.abcdeasdf.de')
  [1m[36m (20.5ms)[0m  [1mCOMMIT[0m
Redirected to http://localhost:3000/homepages/2
Completed 302 Found in 30ms


Started GET "/homepages/2" for 127.0.0.1 at 2012-01-15 23:09:42 +0100
  Processing by HomepagesController#show as HTML
  Parameters: {"id"=>"2"}
  [1m[35mHomepage Load (0.0ms)[0m  SELECT `homepages`.* FROM `homepages` WHERE `homepages`.`id` = 2 LIMIT 1
Rendered homepages/show.html.erb within layouts/application (4.9ms)
Completed 200 OK in 20ms (Views: 16.6ms | ActiveRecord: 2.0ms)


Started GET "/assets/application.css?body=1" for 127.0.0.1 at 2012-01-15 23:09:42 +0100
Served asset /application.css - 304 Not Modified (0ms)


Started GET "/assets/events.css?body=1" for 127.0.0.1 at 2012-01-15 23:09:42 +0100
Served asset /events.css - 304 Not Modified (0ms)


Started GET "/assets/homepages.css?body=1" for 127.0.0.1 at 2012-01-15 23:09:43 +0100
Served asset /homepages.css - 304 Not Modified (0ms)


Started GET "/assets/scaffolds.css?body=1" for 127.0.0.1 at 2012-01-15 23:09:43 +0100
Served asset /scaffolds.css - 304 Not Modified (0ms)


Started GET "/assets/usagerecords.css?body=1" for 127.0.0.1 at 2012-01-15 23:09:43 +0100
Served asset /usagerecords.css - 304 Not Modified (0ms)


Started GET "/assets/jquery.js?body=1" for 127.0.0.1 at 2012-01-15 23:09:43 +0100
Served asset /jquery.js - 304 Not Modified (0ms)


Started GET "/assets/jquery_ujs.js?body=1" for 127.0.0.1 at 2012-01-15 23:09:43 +0100
Served asset /jquery_ujs.js - 304 Not Modified (0ms)


Started GET "/assets/events.js?body=1" for 127.0.0.1 at 2012-01-15 23:09:43 +0100
Served asset /events.js - 304 Not Modified (0ms)


Started GET "/assets/homepages.js?body=1" for 127.0.0.1 at 2012-01-15 23:09:43 +0100
Served asset /homepages.js - 304 Not Modified (0ms)


Started GET "/assets/usagerecords.js?body=1" for 127.0.0.1 at 2012-01-15 23:09:43 +0100
Served asset /usagerecords.js - 304 Not Modified (0ms)


Started GET "/assets/application.js?body=1" for 127.0.0.1 at 2012-01-15 23:09:43 +0100
Served asset /application.js - 304 Not Modified (0ms)


Started GET "/homepages" for 127.0.0.1 at 2012-01-15 23:09:45 +0100
  Processing by HomepagesController#index as HTML
  [1m[36mHomepage Load (0.0ms)[0m  [1mSELECT `homepages`.* FROM `homepages` [0m
Rendered homepages/index.html.erb within layouts/application (6.8ms)
Completed 200 OK in 20ms (Views: 17.6ms | ActiveRecord: 2.0ms)


Started GET "/assets/application.css?body=1" for 127.0.0.1 at 2012-01-15 23:09:45 +0100
Served asset /application.css - 304 Not Modified (0ms)


Started GET "/assets/events.css?body=1" for 127.0.0.1 at 2012-01-15 23:09:45 +0100
Served asset /events.css - 304 Not Modified (0ms)


Started GET "/assets/homepages.css?body=1" for 127.0.0.1 at 2012-01-15 23:09:45 +0100
Served asset /homepages.css - 304 Not Modified (0ms)


Started GET "/assets/scaffolds.css?body=1" for 127.0.0.1 at 2012-01-15 23:09:45 +0100
Served asset /scaffolds.css - 304 Not Modified (0ms)


Started GET "/assets/usagerecords.css?body=1" for 127.0.0.1 at 2012-01-15 23:09:45 +0100
Served asset /usagerecords.css - 304 Not Modified (0ms)


Started GET "/assets/jquery.js?body=1" for 127.0.0.1 at 2012-01-15 23:09:45 +0100
Served asset /jquery.js - 304 Not Modified (0ms)


Started GET "/assets/jquery_ujs.js?body=1" for 127.0.0.1 at 2012-01-15 23:09:45 +0100
Served asset /jquery_ujs.js - 304 Not Modified (0ms)


Started GET "/assets/events.js?body=1" for 127.0.0.1 at 2012-01-15 23:09:45 +0100
Served asset /events.js - 304 Not Modified (0ms)


Started GET "/assets/homepages.js?body=1" for 127.0.0.1 at 2012-01-15 23:09:45 +0100
Served asset /homepages.js - 304 Not Modified (0ms)


Started GET "/assets/usagerecords.js?body=1" for 127.0.0.1 at 2012-01-15 23:09:45 +0100
Served asset /usagerecords.js - 304 Not Modified (0ms)


Started GET "/assets/application.js?body=1" for 127.0.0.1 at 2012-01-15 23:09:45 +0100
Served asset /application.js - 304 Not Modified (0ms)


Started GET "/homepages/new" for 127.0.0.1 at 2012-01-15 23:09:46 +0100
  Processing by HomepagesController#new as HTML
Rendered homepages/_form.html.erb (6.8ms)
Rendered homepages/new.html.erb within layouts/application (9.8ms)
Completed 200 OK in 21ms (Views: 19.5ms | ActiveRecord: 1.0ms)


Started GET "/assets/application.css?body=1" for 127.0.0.1 at 2012-01-15 23:09:47 +0100
Served asset /application.css - 304 Not Modified (0ms)


Started GET "/assets/events.css?body=1" for 127.0.0.1 at 2012-01-15 23:09:47 +0100
Served asset /events.css - 304 Not Modified (0ms)


Started GET "/assets/homepages.css?body=1" for 127.0.0.1 at 2012-01-15 23:09:47 +0100
Served asset /homepages.css - 304 Not Modified (0ms)


Started GET "/assets/scaffolds.css?body=1" for 127.0.0.1 at 2012-01-15 23:09:47 +0100
Served asset /scaffolds.css - 304 Not Modified (0ms)


Started GET "/assets/usagerecords.css?body=1" for 127.0.0.1 at 2012-01-15 23:09:47 +0100
Served asset /usagerecords.css - 304 Not Modified (0ms)


Started GET "/assets/jquery.js?body=1" for 127.0.0.1 at 2012-01-15 23:09:47 +0100
Served asset /jquery.js - 304 Not Modified (0ms)


Started GET "/assets/jquery_ujs.js?body=1" for 127.0.0.1 at 2012-01-15 23:09:47 +0100
Served asset /jquery_ujs.js - 304 Not Modified (0ms)


Started GET "/assets/events.js?body=1" for 127.0.0.1 at 2012-01-15 23:09:47 +0100
Served asset /events.js - 304 Not Modified (0ms)


Started GET "/assets/homepages.js?body=1" for 127.0.0.1 at 2012-01-15 23:09:47 +0100
Served asset /homepages.js - 304 Not Modified (0ms)


Started GET "/assets/usagerecords.js?body=1" for 127.0.0.1 at 2012-01-15 23:09:47 +0100
Served asset /usagerecords.js - 304 Not Modified (0ms)


Started GET "/assets/application.js?body=1" for 127.0.0.1 at 2012-01-15 23:09:47 +0100
Served asset /application.js - 304 Not Modified (0ms)


Started POST "/homepages" for 127.0.0.1 at 2012-01-15 23:10:26 +0100
  Processing by HomepagesController#create as HTML
  Parameters: {"utf8"=>"✓", "authenticity_token"=>"PDUW6ypRdndQ2aYukg4m8TMmmJUvgJjxnzqMRrWjirg=", "homepage"=>{"url"=>"www.metafinanz.de", "name"=>"MF Homepage", "beschreibung"=>"Homepage der ... "}, "commit"=>"Create Homepage"}
  [1m[35m (0.0ms)[0m  BEGIN
  [1m[36mSQL (0.0ms)[0m  [1mINSERT INTO `homepages` (`beschreibung`, `created_at`, `name`, `updated_at`, `url`) VALUES ('Homepage der ... ', '2012-01-15 22:10:26', 'MF Homepage', '2012-01-15 22:10:26', 'www.metafinanz.de')[0m
  [1m[35m (18.6ms)[0m  COMMIT
Redirected to http://localhost:3000/homepages/3
Completed 302 Found in 28ms


Started GET "/homepages/3" for 127.0.0.1 at 2012-01-15 23:10:26 +0100
  Processing by HomepagesController#show as HTML
  Parameters: {"id"=>"3"}
  [1m[36mHomepage Load (0.0ms)[0m  [1mSELECT `homepages`.* FROM `homepages` WHERE `homepages`.`id` = 3 LIMIT 1[0m
Rendered homepages/show.html.erb within layouts/application (4.9ms)
Completed 200 OK in 21ms (Views: 17.6ms | ActiveRecord: 1.0ms)


Started GET "/assets/application.css?body=1" for 127.0.0.1 at 2012-01-15 23:10:27 +0100
Served asset /application.css - 304 Not Modified (0ms)


Started GET "/assets/events.css?body=1" for 127.0.0.1 at 2012-01-15 23:10:27 +0100
Served asset /events.css - 304 Not Modified (0ms)


Started GET "/assets/homepages.css?body=1" for 127.0.0.1 at 2012-01-15 23:10:27 +0100
Served asset /homepages.css - 304 Not Modified (0ms)


Started GET "/assets/scaffolds.css?body=1" for 127.0.0.1 at 2012-01-15 23:10:27 +0100
Served asset /scaffolds.css - 304 Not Modified (0ms)


Started GET "/assets/usagerecords.css?body=1" for 127.0.0.1 at 2012-01-15 23:10:27 +0100
Served asset /usagerecords.css - 304 Not Modified (0ms)


Started GET "/assets/jquery.js?body=1" for 127.0.0.1 at 2012-01-15 23:10:27 +0100
Served asset /jquery.js - 304 Not Modified (0ms)


Started GET "/assets/jquery_ujs.js?body=1" for 127.0.0.1 at 2012-01-15 23:10:27 +0100
Served asset /jquery_ujs.js - 304 Not Modified (0ms)


Started GET "/assets/events.js?body=1" for 127.0.0.1 at 2012-01-15 23:10:27 +0100
Served asset /events.js - 304 Not Modified (0ms)


Started GET "/assets/homepages.js?body=1" for 127.0.0.1 at 2012-01-15 23:10:27 +0100
Served asset /homepages.js - 304 Not Modified (0ms)


Started GET "/assets/usagerecords.js?body=1" for 127.0.0.1 at 2012-01-15 23:10:27 +0100
Served asset /usagerecords.js - 304 Not Modified (0ms)


Started GET "/assets/application.js?body=1" for 127.0.0.1 at 2012-01-15 23:10:27 +0100
Served asset /application.js - 304 Not Modified (0ms)


Started GET "/usagerecords" for 127.0.0.1 at 2012-01-15 23:10:36 +0100
  Processing by UsagerecordsController#index as HTML
  [1m[35mUsagerecord Load (1.0ms)[0m  SELECT `usagerecords`.* FROM `usagerecords` 
Rendered usagerecords/index.html.erb within layouts/application (1.0ms)
Completed 200 OK in 14ms (Views: 12.7ms | ActiveRecord: 1.0ms)


Started GET "/assets/events.css?body=1" for 127.0.0.1 at 2012-01-15 23:10:36 +0100
Served asset /events.css - 304 Not Modified (0ms)


Started GET "/assets/homepages.css?body=1" for 127.0.0.1 at 2012-01-15 23:10:36 +0100
Served asset /homepages.css - 304 Not Modified (0ms)


Started GET "/assets/application.css?body=1" for 127.0.0.1 at 2012-01-15 23:10:36 +0100
Served asset /application.css - 304 Not Modified (0ms)


Started GET "/assets/usagerecords.css?body=1" for 127.0.0.1 at 2012-01-15 23:10:36 +0100
Served asset /usagerecords.css - 304 Not Modified (0ms)


Started GET "/assets/scaffolds.css?body=1" for 127.0.0.1 at 2012-01-15 23:10:36 +0100
Served asset /scaffolds.css - 304 Not Modified (0ms)


Started GET "/assets/jquery.js?body=1" for 127.0.0.1 at 2012-01-15 23:10:36 +0100
Served asset /jquery.js - 304 Not Modified (0ms)


Started GET "/assets/jquery_ujs.js?body=1" for 127.0.0.1 at 2012-01-15 23:10:36 +0100
Served asset /jquery_ujs.js - 304 Not Modified (0ms)


Started GET "/assets/events.js?body=1" for 127.0.0.1 at 2012-01-15 23:10:36 +0100
Served asset /events.js - 304 Not Modified (0ms)


Started GET "/assets/homepages.js?body=1" for 127.0.0.1 at 2012-01-15 23:10:36 +0100
Served asset /homepages.js - 304 Not Modified (0ms)


Started GET "/assets/usagerecords.js?body=1" for 127.0.0.1 at 2012-01-15 23:10:36 +0100
Served asset /usagerecords.js - 304 Not Modified (0ms)


Started GET "/assets/application.js?body=1" for 127.0.0.1 at 2012-01-15 23:10:36 +0100
Served asset /application.js - 304 Not Modified (0ms)


Started GET "/usagerecords/new" for 127.0.0.1 at 2012-01-15 23:10:40 +0100
  Processing by UsagerecordsController#new as HTML
Rendered usagerecords/_form.html.erb (13.7ms)
Rendered usagerecords/new.html.erb within layouts/application (16.6ms)
Completed 200 OK in 44ms (Views: 27.3ms | ActiveRecord: 0.0ms)


Started GET "/assets/application.css?body=1" for 127.0.0.1 at 2012-01-15 23:10:40 +0100
Served asset /application.css - 304 Not Modified (0ms)


Started GET "/assets/events.css?body=1" for 127.0.0.1 at 2012-01-15 23:10:41 +0100
Served asset /events.css - 304 Not Modified (0ms)


Started GET "/assets/homepages.css?body=1" for 127.0.0.1 at 2012-01-15 23:10:41 +0100
Served asset /homepages.css - 304 Not Modified (0ms)


Started GET "/assets/usagerecords.css?body=1" for 127.0.0.1 at 2012-01-15 23:10:41 +0100
Served asset /usagerecords.css - 304 Not Modified (0ms)


Started GET "/assets/jquery.js?body=1" for 127.0.0.1 at 2012-01-15 23:10:41 +0100
Served asset /jquery.js - 304 Not Modified (0ms)


Started GET "/assets/scaffolds.css?body=1" for 127.0.0.1 at 2012-01-15 23:10:41 +0100
Served asset /scaffolds.css - 304 Not Modified (0ms)


Started GET "/assets/jquery_ujs.js?body=1" for 127.0.0.1 at 2012-01-15 23:10:41 +0100
Served asset /jquery_ujs.js - 304 Not Modified (0ms)


Started GET "/assets/events.js?body=1" for 127.0.0.1 at 2012-01-15 23:10:41 +0100
Served asset /events.js - 304 Not Modified (0ms)


Started GET "/assets/homepages.js?body=1" for 127.0.0.1 at 2012-01-15 23:10:41 +0100
Served asset /homepages.js - 304 Not Modified (0ms)


Started GET "/assets/usagerecords.js?body=1" for 127.0.0.1 at 2012-01-15 23:10:41 +0100
Served asset /usagerecords.js - 304 Not Modified (0ms)


Started GET "/assets/application.js?body=1" for 127.0.0.1 at 2012-01-15 23:10:41 +0100
Served asset /application.js - 304 Not Modified (0ms)


Started POST "/usagerecords" for 127.0.0.1 at 2012-01-15 23:10:55 +0100
  Processing by UsagerecordsController#create as HTML
  Parameters: {"utf8"=>"✓", "authenticity_token"=>"PDUW6ypRdndQ2aYukg4m8TMmmJUvgJjxnzqMRrWjirg=", "usagerecord"=>{"browser"=>"firefox 3.6", "language"=>"de", "timestamp(1i)"=>"2012", "timestamp(2i)"=>"1", "timestamp(3i)"=>"15", "timestamp(4i)"=>"22", "timestamp(5i)"=>"10", "fk_idHomepage"=>"2"}, "commit"=>"Create Usagerecord"}
  [1m[36m (0.0ms)[0m  [1mBEGIN[0m
  [1m[35mSQL (0.0ms)[0m  INSERT INTO `usagerecords` (`browser`, `created_at`, `fk_idHomepage`, `language`, `timestamp`, `updated_at`) VALUES ('firefox 3.6', '2012-01-15 22:10:55', 2, 'de', '2012-01-15 22:10:00', '2012-01-15 22:10:55')
  [1m[36m (16.6ms)[0m  [1mCOMMIT[0m
Redirected to http://localhost:3000/usagerecords/1
Completed 302 Found in 25ms


Started GET "/usagerecords/1" for 127.0.0.1 at 2012-01-15 23:10:55 +0100
  Processing by UsagerecordsController#show as HTML
  Parameters: {"id"=>"1"}
  [1m[35mUsagerecord Load (0.0ms)[0m  SELECT `usagerecords`.* FROM `usagerecords` WHERE `usagerecords`.`id` = 1 LIMIT 1
Rendered usagerecords/show.html.erb within layouts/application (5.9ms)
Completed 200 OK in 20ms (Views: 16.6ms | ActiveRecord: 1.0ms)


Started GET "/assets/application.css?body=1" for 127.0.0.1 at 2012-01-15 23:10:55 +0100
Served asset /application.css - 304 Not Modified (0ms)


Started GET "/assets/events.css?body=1" for 127.0.0.1 at 2012-01-15 23:10:55 +0100
Served asset /events.css - 304 Not Modified (0ms)


Started GET "/assets/scaffolds.css?body=1" for 127.0.0.1 at 2012-01-15 23:10:55 +0100
Served asset /scaffolds.css - 304 Not Modified (0ms)


Started GET "/assets/usagerecords.css?body=1" for 127.0.0.1 at 2012-01-15 23:10:55 +0100
Served asset /usagerecords.css - 304 Not Modified (0ms)


Started GET "/assets/homepages.css?body=1" for 127.0.0.1 at 2012-01-15 23:10:55 +0100
Served asset /homepages.css - 304 Not Modified (0ms)


Started GET "/assets/jquery.js?body=1" for 127.0.0.1 at 2012-01-15 23:10:55 +0100
Served asset /jquery.js - 304 Not Modified (0ms)


Started GET "/assets/jquery_ujs.js?body=1" for 127.0.0.1 at 2012-01-15 23:10:55 +0100
Served asset /jquery_ujs.js - 304 Not Modified (0ms)


Started GET "/assets/events.js?body=1" for 127.0.0.1 at 2012-01-15 23:10:55 +0100
Served asset /events.js - 304 Not Modified (0ms)


Started GET "/assets/homepages.js?body=1" for 127.0.0.1 at 2012-01-15 23:10:55 +0100
Served asset /homepages.js - 304 Not Modified (0ms)


Started GET "/assets/application.js?body=1" for 127.0.0.1 at 2012-01-15 23:10:55 +0100
Served asset /application.js - 304 Not Modified (0ms)


Started GET "/assets/usagerecords.js?body=1" for 127.0.0.1 at 2012-01-15 23:10:55 +0100
Served asset /usagerecords.js - 304 Not Modified (0ms)


Started GET "/usagerecords" for 127.0.0.1 at 2012-01-15 23:11:13 +0100
  Processing by UsagerecordsController#index as HTML
  [1m[36mUsagerecord Load (0.0ms)[0m  [1mSELECT `usagerecords`.* FROM `usagerecords` [0m
Rendered usagerecords/index.html.erb within layouts/application (7.8ms)
Completed 200 OK in 21ms (Views: 17.6ms | ActiveRecord: 2.0ms)


Started GET "/assets/application.css?body=1" for 127.0.0.1 at 2012-01-15 23:11:13 +0100
Served asset /application.css - 304 Not Modified (0ms)


Started GET "/assets/events.css?body=1" for 127.0.0.1 at 2012-01-15 23:11:14 +0100
Served asset /events.css - 304 Not Modified (0ms)


Started GET "/assets/homepages.css?body=1" for 127.0.0.1 at 2012-01-15 23:11:14 +0100
Served asset /homepages.css - 304 Not Modified (0ms)


Started GET "/assets/scaffolds.css?body=1" for 127.0.0.1 at 2012-01-15 23:11:14 +0100
Served asset /scaffolds.css - 304 Not Modified (0ms)


Started GET "/assets/usagerecords.css?body=1" for 127.0.0.1 at 2012-01-15 23:11:14 +0100
Served asset /usagerecords.css - 304 Not Modified (0ms)


Started GET "/assets/jquery.js?body=1" for 127.0.0.1 at 2012-01-15 23:11:14 +0100
Served asset /jquery.js - 304 Not Modified (0ms)


Started GET "/assets/jquery_ujs.js?body=1" for 127.0.0.1 at 2012-01-15 23:11:14 +0100
Served asset /jquery_ujs.js - 304 Not Modified (0ms)


Started GET "/assets/events.js?body=1" for 127.0.0.1 at 2012-01-15 23:11:14 +0100
Served asset /events.js - 304 Not Modified (0ms)


Started GET "/assets/homepages.js?body=1" for 127.0.0.1 at 2012-01-15 23:11:14 +0100
Served asset /homepages.js - 304 Not Modified (0ms)


Started GET "/assets/usagerecords.js?body=1" for 127.0.0.1 at 2012-01-15 23:11:14 +0100
Served asset /usagerecords.js - 304 Not Modified (0ms)


Started GET "/assets/application.js?body=1" for 127.0.0.1 at 2012-01-15 23:11:14 +0100
Served asset /application.js - 304 Not Modified (0ms)


Started GET "/usagerecords/new" for 127.0.0.1 at 2012-01-15 23:11:15 +0100
  Processing by UsagerecordsController#new as HTML
Rendered usagerecords/_form.html.erb (29.3ms)
Rendered usagerecords/new.html.erb within layouts/application (32.2ms)
Completed 200 OK in 43ms (Views: 41.0ms | ActiveRecord: 1.0ms)


Started GET "/assets/application.css?body=1" for 127.0.0.1 at 2012-01-15 23:11:15 +0100
Served asset /application.css - 304 Not Modified (0ms)


Started GET "/assets/events.css?body=1" for 127.0.0.1 at 2012-01-15 23:11:16 +0100
Served asset /events.css - 304 Not Modified (0ms)


Started GET "/assets/homepages.css?body=1" for 127.0.0.1 at 2012-01-15 23:11:16 +0100
Served asset /homepages.css - 304 Not Modified (0ms)


Started GET "/assets/scaffolds.css?body=1" for 127.0.0.1 at 2012-01-15 23:11:16 +0100
Served asset /scaffolds.css - 304 Not Modified (0ms)


Started GET "/assets/jquery.js?body=1" for 127.0.0.1 at 2012-01-15 23:11:16 +0100
Served asset /jquery.js - 304 Not Modified (0ms)


Started GET "/assets/usagerecords.css?body=1" for 127.0.0.1 at 2012-01-15 23:11:16 +0100
Served asset /usagerecords.css - 304 Not Modified (0ms)


Started GET "/assets/jquery_ujs.js?body=1" for 127.0.0.1 at 2012-01-15 23:11:16 +0100
Served asset /jquery_ujs.js - 304 Not Modified (0ms)


Started GET "/assets/events.js?body=1" for 127.0.0.1 at 2012-01-15 23:11:16 +0100
Served asset /events.js - 304 Not Modified (0ms)


Started GET "/assets/homepages.js?body=1" for 127.0.0.1 at 2012-01-15 23:11:16 +0100
Served asset /homepages.js - 304 Not Modified (0ms)


Started GET "/assets/usagerecords.js?body=1" for 127.0.0.1 at 2012-01-15 23:11:16 +0100
Served asset /usagerecords.js - 304 Not Modified (0ms)


Started GET "/assets/application.js?body=1" for 127.0.0.1 at 2012-01-15 23:11:16 +0100
Served asset /application.js - 304 Not Modified (0ms)


Started POST "/usagerecords" for 127.0.0.1 at 2012-01-15 23:11:32 +0100
  Processing by UsagerecordsController#create as HTML
  Parameters: {"utf8"=>"✓", "authenticity_token"=>"PDUW6ypRdndQ2aYukg4m8TMmmJUvgJjxnzqMRrWjirg=", "usagerecord"=>{"browser"=>"chrome 10", "language"=>"de", "timestamp(1i)"=>"2012", "timestamp(2i)"=>"1", "timestamp(3i)"=>"15", "timestamp(4i)"=>"19", "timestamp(5i)"=>"11", "fk_idHomepage"=>"3"}, "commit"=>"Create Usagerecord"}
  [1m[35m (1.0ms)[0m  BEGIN
  [1m[36mSQL (0.0ms)[0m  [1mINSERT INTO `usagerecords` (`browser`, `created_at`, `fk_idHomepage`, `language`, `timestamp`, `updated_at`) VALUES ('chrome 10', '2012-01-15 22:11:32', 3, 'de', '2012-01-15 19:11:00', '2012-01-15 22:11:32')[0m
  [1m[35m (74.2ms)[0m  COMMIT
Redirected to http://localhost:3000/usagerecords/2
Completed 302 Found in 100ms


Started GET "/usagerecords/2" for 127.0.0.1 at 2012-01-15 23:11:32 +0100
  Processing by UsagerecordsController#show as HTML
  Parameters: {"id"=>"2"}
  [1m[36mUsagerecord Load (0.0ms)[0m  [1mSELECT `usagerecords`.* FROM `usagerecords` WHERE `usagerecords`.`id` = 2 LIMIT 1[0m
Rendered usagerecords/show.html.erb within layouts/application (5.9ms)
Completed 200 OK in 21ms (Views: 17.6ms | ActiveRecord: 2.9ms)


Started GET "/assets/application.css?body=1" for 127.0.0.1 at 2012-01-15 23:11:32 +0100
Served asset /application.css - 304 Not Modified (0ms)


Started GET "/assets/events.css?body=1" for 127.0.0.1 at 2012-01-15 23:11:32 +0100
Served asset /events.css - 304 Not Modified (0ms)


Started GET "/assets/homepages.css?body=1" for 127.0.0.1 at 2012-01-15 23:11:33 +0100
Served asset /homepages.css - 304 Not Modified (0ms)


Started GET "/assets/scaffolds.css?body=1" for 127.0.0.1 at 2012-01-15 23:11:33 +0100
Served asset /scaffolds.css - 304 Not Modified (0ms)


Started GET "/assets/jquery.js?body=1" for 127.0.0.1 at 2012-01-15 23:11:33 +0100
Served asset /jquery.js - 304 Not Modified (0ms)


Started GET "/assets/usagerecords.css?body=1" for 127.0.0.1 at 2012-01-15 23:11:33 +0100
Served asset /usagerecords.css - 304 Not Modified (0ms)


Started GET "/assets/jquery_ujs.js?body=1" for 127.0.0.1 at 2012-01-15 23:11:33 +0100
Served asset /jquery_ujs.js - 304 Not Modified (0ms)


Started GET "/assets/events.js?body=1" for 127.0.0.1 at 2012-01-15 23:11:33 +0100
Served asset /events.js - 304 Not Modified (0ms)


Started GET "/assets/homepages.js?body=1" for 127.0.0.1 at 2012-01-15 23:11:33 +0100
Served asset /homepages.js - 304 Not Modified (0ms)


Started GET "/assets/usagerecords.js?body=1" for 127.0.0.1 at 2012-01-15 23:11:33 +0100
Served asset /usagerecords.js - 304 Not Modified (0ms)


Started GET "/assets/application.js?body=1" for 127.0.0.1 at 2012-01-15 23:11:33 +0100
Served asset /application.js - 304 Not Modified (0ms)


Started GET "/usagerecords" for 127.0.0.1 at 2012-01-15 23:11:37 +0100
  Processing by UsagerecordsController#index as HTML
  [1m[35mUsagerecord Load (0.0ms)[0m  SELECT `usagerecords`.* FROM `usagerecords` 
Rendered usagerecords/index.html.erb within layouts/application (25.4ms)
Completed 200 OK in 41ms (Views: 37.1ms | ActiveRecord: 2.0ms)


Started GET "/assets/application.css?body=1" for 127.0.0.1 at 2012-01-15 23:11:37 +0100
Served asset /application.css - 304 Not Modified (0ms)


Started GET "/assets/events.css?body=1" for 127.0.0.1 at 2012-01-15 23:11:37 +0100
Served asset /events.css - 304 Not Modified (0ms)


Started GET "/assets/scaffolds.css?body=1" for 127.0.0.1 at 2012-01-15 23:11:37 +0100
Served asset /scaffolds.css - 304 Not Modified (0ms)


Started GET "/assets/homepages.css?body=1" for 127.0.0.1 at 2012-01-15 23:11:37 +0100
Served asset /homepages.css - 304 Not Modified (0ms)


Started GET "/assets/usagerecords.css?body=1" for 127.0.0.1 at 2012-01-15 23:11:37 +0100
Served asset /usagerecords.css - 304 Not Modified (0ms)


Started GET "/assets/jquery.js?body=1" for 127.0.0.1 at 2012-01-15 23:11:37 +0100
Served asset /jquery.js - 304 Not Modified (0ms)


Started GET "/assets/jquery_ujs.js?body=1" for 127.0.0.1 at 2012-01-15 23:11:37 +0100
Served asset /jquery_ujs.js - 304 Not Modified (0ms)


Started GET "/assets/events.js?body=1" for 127.0.0.1 at 2012-01-15 23:11:37 +0100
Served asset /events.js - 304 Not Modified (0ms)


Started GET "/assets/homepages.js?body=1" for 127.0.0.1 at 2012-01-15 23:11:37 +0100
Served asset /homepages.js - 304 Not Modified (0ms)


Started GET "/assets/usagerecords.js?body=1" for 127.0.0.1 at 2012-01-15 23:11:37 +0100
Served asset /usagerecords.js - 304 Not Modified (0ms)


Started GET "/assets/application.js?body=1" for 127.0.0.1 at 2012-01-15 23:11:37 +0100
Served asset /application.js - 304 Not Modified (0ms)


Started GET "/usagerecords/new" for 127.0.0.1 at 2012-01-15 23:11:39 +0100
  Processing by UsagerecordsController#new as HTML
Rendered usagerecords/_form.html.erb (14.6ms)
Rendered usagerecords/new.html.erb within layouts/application (15.6ms)
Completed 200 OK in 28ms (Views: 26.4ms | ActiveRecord: 0.0ms)


Started GET "/assets/application.css?body=1" for 127.0.0.1 at 2012-01-15 23:11:39 +0100
Served asset /application.css - 304 Not Modified (0ms)


Started GET "/assets/events.css?body=1" for 127.0.0.1 at 2012-01-15 23:11:39 +0100
Served asset /events.css - 304 Not Modified (0ms)


Started GET "/assets/homepages.css?body=1" for 127.0.0.1 at 2012-01-15 23:11:39 +0100
Served asset /homepages.css - 304 Not Modified (0ms)


Started GET "/assets/scaffolds.css?body=1" for 127.0.0.1 at 2012-01-15 23:11:39 +0100
Served asset /scaffolds.css - 304 Not Modified (0ms)


Started GET "/assets/usagerecords.css?body=1" for 127.0.0.1 at 2012-01-15 23:11:39 +0100
Served asset /usagerecords.css - 304 Not Modified (0ms)


Started GET "/assets/jquery.js?body=1" for 127.0.0.1 at 2012-01-15 23:11:39 +0100
Served asset /jquery.js - 304 Not Modified (0ms)


Started GET "/assets/jquery_ujs.js?body=1" for 127.0.0.1 at 2012-01-15 23:11:39 +0100
Served asset /jquery_ujs.js - 304 Not Modified (0ms)


Started GET "/assets/events.js?body=1" for 127.0.0.1 at 2012-01-15 23:11:39 +0100
Served asset /events.js - 304 Not Modified (0ms)


Started GET "/assets/homepages.js?body=1" for 127.0.0.1 at 2012-01-15 23:11:39 +0100
Served asset /homepages.js - 304 Not Modified (0ms)


Started GET "/assets/usagerecords.js?body=1" for 127.0.0.1 at 2012-01-15 23:11:39 +0100
Served asset /usagerecords.js - 304 Not Modified (0ms)


Started GET "/assets/application.js?body=1" for 127.0.0.1 at 2012-01-15 23:11:39 +0100
Served asset /application.js - 304 Not Modified (0ms)


Started POST "/usagerecords" for 127.0.0.1 at 2012-01-15 23:11:49 +0100
  Processing by UsagerecordsController#create as HTML
  Parameters: {"utf8"=>"✓", "authenticity_token"=>"PDUW6ypRdndQ2aYukg4m8TMmmJUvgJjxnzqMRrWjirg=", "usagerecord"=>{"browser"=>"chrome 10 ", "language"=>"en", "timestamp(1i)"=>"2012", "timestamp(2i)"=>"1", "timestamp(3i)"=>"15", "timestamp(4i)"=>"22", "timestamp(5i)"=>"11", "fk_idHomepage"=>"3"}, "commit"=>"Create Usagerecord"}
  [1m[36m (0.0ms)[0m  [1mBEGIN[0m
  [1m[35mSQL (0.0ms)[0m  INSERT INTO `usagerecords` (`browser`, `created_at`, `fk_idHomepage`, `language`, `timestamp`, `updated_at`) VALUES ('chrome 10 ', '2012-01-15 22:11:49', 3, 'en', '2012-01-15 22:11:00', '2012-01-15 22:11:49')
  [1m[36m (26.4ms)[0m  [1mCOMMIT[0m
Redirected to http://localhost:3000/usagerecords/3
Completed 302 Found in 36ms


Started GET "/usagerecords/3" for 127.0.0.1 at 2012-01-15 23:11:49 +0100
  Processing by UsagerecordsController#show as HTML
  Parameters: {"id"=>"3"}
  [1m[35mUsagerecord Load (0.0ms)[0m  SELECT `usagerecords`.* FROM `usagerecords` WHERE `usagerecords`.`id` = 3 LIMIT 1
Rendered usagerecords/show.html.erb within layouts/application (5.9ms)
Completed 200 OK in 21ms (Views: 17.6ms | ActiveRecord: 1.0ms)


Started GET "/assets/application.css?body=1" for 127.0.0.1 at 2012-01-15 23:11:49 +0100
Served asset /application.css - 304 Not Modified (0ms)


Started GET "/assets/events.css?body=1" for 127.0.0.1 at 2012-01-15 23:11:49 +0100
Served asset /events.css - 304 Not Modified (0ms)


Started GET "/assets/homepages.css?body=1" for 127.0.0.1 at 2012-01-15 23:11:50 +0100
Served asset /homepages.css - 304 Not Modified (0ms)


Started GET "/assets/scaffolds.css?body=1" for 127.0.0.1 at 2012-01-15 23:11:50 +0100
Served asset /scaffolds.css - 304 Not Modified (0ms)


Started GET "/assets/usagerecords.css?body=1" for 127.0.0.1 at 2012-01-15 23:11:50 +0100
Served asset /usagerecords.css - 304 Not Modified (0ms)


Started GET "/assets/jquery.js?body=1" for 127.0.0.1 at 2012-01-15 23:11:50 +0100
Served asset /jquery.js - 304 Not Modified (0ms)


Started GET "/assets/jquery_ujs.js?body=1" for 127.0.0.1 at 2012-01-15 23:11:50 +0100
Served asset /jquery_ujs.js - 304 Not Modified (0ms)


Started GET "/assets/events.js?body=1" for 127.0.0.1 at 2012-01-15 23:11:50 +0100
Served asset /events.js - 304 Not Modified (0ms)


Started GET "/assets/homepages.js?body=1" for 127.0.0.1 at 2012-01-15 23:11:50 +0100
Served asset /homepages.js - 304 Not Modified (0ms)


Started GET "/assets/usagerecords.js?body=1" for 127.0.0.1 at 2012-01-15 23:11:50 +0100
Served asset /usagerecords.js - 304 Not Modified (0ms)


Started GET "/assets/application.js?body=1" for 127.0.0.1 at 2012-01-15 23:11:50 +0100
Served asset /application.js - 304 Not Modified (0ms)


Started GET "/usagerecords" for 127.0.0.1 at 2012-01-15 23:11:52 +0100
  Processing by UsagerecordsController#index as HTML
  [1m[36mUsagerecord Load (0.0ms)[0m  [1mSELECT `usagerecords`.* FROM `usagerecords` [0m
Rendered usagerecords/index.html.erb within layouts/application (11.7ms)
Completed 200 OK in 25ms (Views: 22.5ms | ActiveRecord: 0.0ms)


Started GET "/assets/application.css?body=1" for 127.0.0.1 at 2012-01-15 23:11:52 +0100
Served asset /application.css - 304 Not Modified (0ms)


Started GET "/assets/events.css?body=1" for 127.0.0.1 at 2012-01-15 23:11:52 +0100
Served asset /events.css - 304 Not Modified (0ms)


Started GET "/assets/usagerecords.css?body=1" for 127.0.0.1 at 2012-01-15 23:11:52 +0100
Served asset /usagerecords.css - 304 Not Modified (0ms)


Started GET "/assets/scaffolds.css?body=1" for 127.0.0.1 at 2012-01-15 23:11:52 +0100
Served asset /scaffolds.css - 304 Not Modified (0ms)


Started GET "/assets/homepages.css?body=1" for 127.0.0.1 at 2012-01-15 23:11:52 +0100
Served asset /homepages.css - 304 Not Modified (0ms)


Started GET "/assets/jquery.js?body=1" for 127.0.0.1 at 2012-01-15 23:11:52 +0100
Served asset /jquery.js - 304 Not Modified (0ms)


Started GET "/assets/jquery_ujs.js?body=1" for 127.0.0.1 at 2012-01-15 23:11:52 +0100
Served asset /jquery_ujs.js - 304 Not Modified (0ms)


Started GET "/assets/events.js?body=1" for 127.0.0.1 at 2012-01-15 23:11:52 +0100
Served asset /events.js - 304 Not Modified (0ms)


Started GET "/assets/usagerecords.js?body=1" for 127.0.0.1 at 2012-01-15 23:11:52 +0100
Served asset /usagerecords.js - 304 Not Modified (0ms)


Started GET "/assets/homepages.js?body=1" for 127.0.0.1 at 2012-01-15 23:11:52 +0100
Served asset /homepages.js - 304 Not Modified (0ms)


Started GET "/assets/application.js?body=1" for 127.0.0.1 at 2012-01-15 23:11:52 +0100
Served asset /application.js - 304 Not Modified (0ms)


Started GET "/usagerecords/new" for 127.0.0.1 at 2012-01-15 23:11:58 +0100
  Processing by UsagerecordsController#new as HTML
Rendered usagerecords/_form.html.erb (28.3ms)
Rendered usagerecords/new.html.erb within layouts/application (31.2ms)
Completed 200 OK in 43ms (Views: 41.0ms | ActiveRecord: 1.0ms)


Started GET "/assets/application.css?body=1" for 127.0.0.1 at 2012-01-15 23:11:58 +0100
Served asset /application.css - 304 Not Modified (0ms)


Started GET "/assets/homepages.css?body=1" for 127.0.0.1 at 2012-01-15 23:11:58 +0100
Served asset /homepages.css - 304 Not Modified (0ms)


Started GET "/assets/usagerecords.css?body=1" for 127.0.0.1 at 2012-01-15 23:11:58 +0100
Served asset /usagerecords.css - 304 Not Modified (0ms)


Started GET "/assets/events.css?body=1" for 127.0.0.1 at 2012-01-15 23:11:58 +0100
Served asset /events.css - 304 Not Modified (0ms)


Started GET "/assets/scaffolds.css?body=1" for 127.0.0.1 at 2012-01-15 23:11:58 +0100
Served asset /scaffolds.css - 304 Not Modified (0ms)


Started GET "/assets/jquery.js?body=1" for 127.0.0.1 at 2012-01-15 23:11:58 +0100
Served asset /jquery.js - 304 Not Modified (0ms)


Started GET "/assets/jquery_ujs.js?body=1" for 127.0.0.1 at 2012-01-15 23:11:58 +0100
Served asset /jquery_ujs.js - 304 Not Modified (0ms)


Started GET "/assets/homepages.js?body=1" for 127.0.0.1 at 2012-01-15 23:11:58 +0100
Served asset /homepages.js - 304 Not Modified (0ms)


Started GET "/assets/events.js?body=1" for 127.0.0.1 at 2012-01-15 23:11:58 +0100
Served asset /events.js - 304 Not Modified (0ms)


Started GET "/assets/usagerecords.js?body=1" for 127.0.0.1 at 2012-01-15 23:11:58 +0100
Served asset /usagerecords.js - 304 Not Modified (0ms)


Started GET "/assets/application.js?body=1" for 127.0.0.1 at 2012-01-15 23:11:58 +0100
Served asset /application.js - 304 Not Modified (0ms)


Started POST "/usagerecords" for 127.0.0.1 at 2012-01-15 23:12:07 +0100
  Processing by UsagerecordsController#create as HTML
  Parameters: {"utf8"=>"✓", "authenticity_token"=>"PDUW6ypRdndQ2aYukg4m8TMmmJUvgJjxnzqMRrWjirg=", "usagerecord"=>{"browser"=>"chrome 10 ", "language"=>"de", "timestamp(1i)"=>"2012", "timestamp(2i)"=>"1", "timestamp(3i)"=>"15", "timestamp(4i)"=>"22", "timestamp(5i)"=>"11", "fk_idHomepage"=>"2"}, "commit"=>"Create Usagerecord"}
  [1m[35m (0.0ms)[0m  BEGIN
  [1m[36mSQL (1.0ms)[0m  [1mINSERT INTO `usagerecords` (`browser`, `created_at`, `fk_idHomepage`, `language`, `timestamp`, `updated_at`) VALUES ('chrome 10 ', '2012-01-15 22:12:07', 2, 'de', '2012-01-15 22:11:00', '2012-01-15 22:12:07')[0m
  [1m[35m (13.7ms)[0m  COMMIT
Redirected to http://localhost:3000/usagerecords/4
Completed 302 Found in 24ms


Started GET "/usagerecords/4" for 127.0.0.1 at 2012-01-15 23:12:07 +0100
  Processing by UsagerecordsController#show as HTML
  Parameters: {"id"=>"4"}
  [1m[36mUsagerecord Load (0.0ms)[0m  [1mSELECT `usagerecords`.* FROM `usagerecords` WHERE `usagerecords`.`id` = 4 LIMIT 1[0m
Rendered usagerecords/show.html.erb within layouts/application (22.5ms)
Completed 200 OK in 37ms (Views: 33.2ms | ActiveRecord: 2.0ms)


Started GET "/assets/application.css?body=1" for 127.0.0.1 at 2012-01-15 23:12:07 +0100
Served asset /application.css - 304 Not Modified (0ms)


Started GET "/assets/events.css?body=1" for 127.0.0.1 at 2012-01-15 23:12:07 +0100
Served asset /events.css - 304 Not Modified (0ms)


Started GET "/assets/homepages.css?body=1" for 127.0.0.1 at 2012-01-15 23:12:07 +0100
Served asset /homepages.css - 304 Not Modified (0ms)


Started GET "/assets/scaffolds.css?body=1" for 127.0.0.1 at 2012-01-15 23:12:07 +0100
Served asset /scaffolds.css - 304 Not Modified (0ms)


Started GET "/assets/usagerecords.css?body=1" for 127.0.0.1 at 2012-01-15 23:12:07 +0100
Served asset /usagerecords.css - 304 Not Modified (0ms)


Started GET "/assets/jquery.js?body=1" for 127.0.0.1 at 2012-01-15 23:12:07 +0100
Served asset /jquery.js - 304 Not Modified (0ms)


Started GET "/assets/jquery_ujs.js?body=1" for 127.0.0.1 at 2012-01-15 23:12:07 +0100
Served asset /jquery_ujs.js - 304 Not Modified (0ms)


Started GET "/assets/events.js?body=1" for 127.0.0.1 at 2012-01-15 23:12:07 +0100
Served asset /events.js - 304 Not Modified (0ms)


Started GET "/assets/homepages.js?body=1" for 127.0.0.1 at 2012-01-15 23:12:08 +0100
Served asset /homepages.js - 304 Not Modified (0ms)


Started GET "/assets/usagerecords.js?body=1" for 127.0.0.1 at 2012-01-15 23:12:08 +0100
Served asset /usagerecords.js - 304 Not Modified (0ms)


Started GET "/assets/application.js?body=1" for 127.0.0.1 at 2012-01-15 23:12:08 +0100
Served asset /application.js - 304 Not Modified (0ms)


Started GET "/usagerecords" for 127.0.0.1 at 2012-01-15 23:12:09 +0100
  Processing by UsagerecordsController#index as HTML
  [1m[35mUsagerecord Load (1.0ms)[0m  SELECT `usagerecords`.* FROM `usagerecords` 
Rendered usagerecords/index.html.erb within layouts/application (28.3ms)
Completed 200 OK in 43ms (Views: 40.0ms | ActiveRecord: 2.9ms)


Started GET "/assets/application.css?body=1" for 127.0.0.1 at 2012-01-15 23:12:09 +0100
Served asset /application.css - 304 Not Modified (0ms)


Started GET "/assets/events.css?body=1" for 127.0.0.1 at 2012-01-15 23:12:10 +0100
Served asset /events.css - 304 Not Modified (0ms)


Started GET "/assets/scaffolds.css?body=1" for 127.0.0.1 at 2012-01-15 23:12:10 +0100
Served asset /scaffolds.css - 304 Not Modified (0ms)


Started GET "/assets/usagerecords.css?body=1" for 127.0.0.1 at 2012-01-15 23:12:10 +0100
Served asset /usagerecords.css - 304 Not Modified (0ms)


Started GET "/assets/homepages.css?body=1" for 127.0.0.1 at 2012-01-15 23:12:10 +0100
Served asset /homepages.css - 304 Not Modified (0ms)


Started GET "/assets/jquery.js?body=1" for 127.0.0.1 at 2012-01-15 23:12:10 +0100
Served asset /jquery.js - 304 Not Modified (0ms)


Started GET "/assets/jquery_ujs.js?body=1" for 127.0.0.1 at 2012-01-15 23:12:10 +0100
Served asset /jquery_ujs.js - 304 Not Modified (0ms)


Started GET "/assets/events.js?body=1" for 127.0.0.1 at 2012-01-15 23:12:10 +0100
Served asset /events.js - 304 Not Modified (0ms)


Started GET "/assets/homepages.js?body=1" for 127.0.0.1 at 2012-01-15 23:12:10 +0100
Served asset /homepages.js - 304 Not Modified (0ms)


Started GET "/assets/usagerecords.js?body=1" for 127.0.0.1 at 2012-01-15 23:12:10 +0100
Served asset /usagerecords.js - 304 Not Modified (0ms)


Started GET "/assets/application.js?body=1" for 127.0.0.1 at 2012-01-15 23:12:10 +0100
Served asset /application.js - 304 Not Modified (0ms)


Started GET "/usagerecords.json" for 127.0.0.1 at 2012-01-15 23:12:18 +0100
  Processing by UsagerecordsController#index as JSON
  [1m[36mUsagerecord Load (0.0ms)[0m  [1mSELECT `usagerecords`.* FROM `usagerecords` [0m
Completed 200 OK in 12ms (Views: 7.8ms | ActiveRecord: 1.0ms)
